TRACE::2023-12-07.18:19:07::SCWPlatform::Trying to open the hw design at C:/Users/alise/Desktop/VIVADO/PROJECTS/MEMORY_WORK/PS/design_1_wrapper/hw/design_1_wrapper.xsa
TRACE::2023-12-07.18:19:07::SCWPlatform::DSA given C:/Users/alise/Desktop/VIVADO/PROJECTS/MEMORY_WORK/PS/design_1_wrapper/hw/design_1_wrapper.xsa
TRACE::2023-12-07.18:19:07::SCWPlatform::DSA absoulate path C:/Users/alise/Desktop/VIVADO/PROJECTS/MEMORY_WORK/PS/design_1_wrapper/hw/design_1_wrapper.xsa
TRACE::2023-12-07.18:19:09::SCWPlatform::DSA directory C:/Users/alise/Desktop/VIVADO/PROJECTS/MEMORY_WORK/PS/design_1_wrapper/hw
TRACE::2023-12-07.18:19:09::SCWPlatform:: Platform Path C:/Users/alise/Desktop/VIVADO/PROJECTS/MEMORY_WORK/PS/design_1_wrapper/hw/design_1_wrapper.xsa
TRACE::2023-12-07.18:19:09::SCWPlatform:: Unique name xilinx:nexys4_ddr::0.0
TRACE::2023-12-07.18:19:09::SCWPlatform::Do not have an existing db opened. 
TRACE::2023-12-07.18:19:09::SCWPlatform::Opened new HwDB with name design_1_wrapper_0
TRACE::2023-12-07.18:19:09::SCWWriter::formatted JSON is {
	"platformName":	"design_1_wrapper",
	"sprVersion":	"2.0",
	"mode":	"gui",
	"dsaType":	"Fixed",
	"platformDesc":	"design_1_wrapper",
	"platHandOff":	"C:/Users/alise/Desktop/VIVADO/PROJECTS/MEMORY_WORK/design_1_wrapper.xsa",
	"platIntHandOff":	"<platformDir>/hw/design_1_wrapper.xsa",
	"deviceType":	"FPGA",
	"platIsPrebuiltAutogen":	"false",
	"platIsNoBootBsp":	"false",
	"hasFsblMakeHasChanges":	"false",
	"hasPmufwMakeHasChanges":	"false",
	"platPreBuiltFlag":	false,
	"platformSamplesDir":	""
}
TRACE::2023-12-07.18:19:09::SCWWriter::formatted JSON is {
	"platformName":	"design_1_wrapper",
	"sprVersion":	"2.0",
	"mode":	"gui",
	"dsaType":	"Fixed",
	"platformDesc":	"design_1_wrapper",
	"platHandOff":	"C:/Users/alise/Desktop/VIVADO/PROJECTS/MEMORY_WORK/design_1_wrapper.xsa",
	"platIntHandOff":	"<platformDir>/hw/design_1_wrapper.xsa",
	"deviceType":	"FPGA",
	"platIsPrebuiltAutogen":	"false",
	"platIsNoBootBsp":	"false",
	"hasFsblMakeHasChanges":	"false",
	"hasPmufwMakeHasChanges":	"false",
	"platPreBuiltFlag":	false,
	"platformSamplesDir":	"",
	"platActiveSys":	"design_1_wrapper",
	"systems":	[{
			"systemName":	"design_1_wrapper",
			"systemDesc":	"design_1_wrapper",
			"sysIsBootAutoGen":	"true",
			"systemDispName":	"design_1_wrapper"
		}]
}
TRACE::2023-12-07.18:19:09::SCWPlatform::Boot application domains not present, creating them
TRACE::2023-12-07.18:19:09::SCWPlatform::Pure FPGA device, no boot application will be created.
TRACE::2023-12-07.18:19:09::SCWWriter::formatted JSON is {
	"platformName":	"design_1_wrapper",
	"sprVersion":	"2.0",
	"mode":	"gui",
	"dsaType":	"Fixed",
	"platformDesc":	"design_1_wrapper",
	"platHandOff":	"C:/Users/alise/Desktop/VIVADO/PROJECTS/MEMORY_WORK/design_1_wrapper.xsa",
	"platIntHandOff":	"<platformDir>/hw/design_1_wrapper.xsa",
	"deviceType":	"FPGA",
	"platIsPrebuiltAutogen":	"false",
	"platIsNoBootBsp":	"false",
	"hasFsblMakeHasChanges":	"false",
	"hasPmufwMakeHasChanges":	"false",
	"platPreBuiltFlag":	false,
	"platformSamplesDir":	"",
	"platActiveSys":	"design_1_wrapper",
	"systems":	[{
			"systemName":	"design_1_wrapper",
			"systemDesc":	"design_1_wrapper",
			"sysIsBootAutoGen":	"true",
			"systemDispName":	"design_1_wrapper"
		}]
}
TRACE::2023-12-07.18:19:09::SCWWriter::formatted JSON is {
	"platformName":	"design_1_wrapper",
	"sprVersion":	"2.0",
	"mode":	"gui",
	"dsaType":	"Fixed",
	"platformDesc":	"design_1_wrapper",
	"platHandOff":	"C:/Users/alise/Desktop/VIVADO/PROJECTS/MEMORY_WORK/design_1_wrapper.xsa",
	"platIntHandOff":	"<platformDir>/hw/design_1_wrapper.xsa",
	"deviceType":	"FPGA",
	"platIsPrebuiltAutogen":	"false",
	"platIsNoBootBsp":	"false",
	"hasFsblMakeHasChanges":	"false",
	"hasPmufwMakeHasChanges":	"false",
	"platPreBuiltFlag":	false,
	"platformSamplesDir":	"",
	"platActiveSys":	"design_1_wrapper",
	"systems":	[{
			"systemName":	"design_1_wrapper",
			"systemDesc":	"design_1_wrapper",
			"sysIsBootAutoGen":	"true",
			"systemDispName":	"design_1_wrapper"
		}]
}
TRACE::2023-12-07.18:19:09::SCWPlatform::Trying to open the hw design at C:/Users/alise/Desktop/VIVADO/PROJECTS/MEMORY_WORK/PS/design_1_wrapper/hw/design_1_wrapper.xsa
TRACE::2023-12-07.18:19:09::SCWPlatform::DSA given C:/Users/alise/Desktop/VIVADO/PROJECTS/MEMORY_WORK/PS/design_1_wrapper/hw/design_1_wrapper.xsa
TRACE::2023-12-07.18:19:09::SCWPlatform::DSA absoulate path C:/Users/alise/Desktop/VIVADO/PROJECTS/MEMORY_WORK/PS/design_1_wrapper/hw/design_1_wrapper.xsa
TRACE::2023-12-07.18:19:09::SCWPlatform::DSA directory C:/Users/alise/Desktop/VIVADO/PROJECTS/MEMORY_WORK/PS/design_1_wrapper/hw
TRACE::2023-12-07.18:19:09::SCWPlatform:: Platform Path C:/Users/alise/Desktop/VIVADO/PROJECTS/MEMORY_WORK/PS/design_1_wrapper/hw/design_1_wrapper.xsa
TRACE::2023-12-07.18:19:09::SCWPlatform:: Unique name xilinx:nexys4_ddr::0.0
TRACE::2023-12-07.18:19:09::SCWPlatform::Trying to set the existing hwdb with name design_1_wrapper_0
TRACE::2023-12-07.18:19:09::SCWPlatform::Opened existing hwdb design_1_wrapper_0
TRACE::2023-12-07.18:19:09::SCWPlatform::Found the Hw Db part of the input DSA
TRACE::2023-12-07.18:19:09::SCWDomain::checking for install qemu data   : 
TRACE::2023-12-07.18:19:09::SCWPlatform::Trying to open the hw design at C:/Users/alise/Desktop/VIVADO/PROJECTS/MEMORY_WORK/PS/design_1_wrapper/hw/design_1_wrapper.xsa
TRACE::2023-12-07.18:19:09::SCWPlatform::DSA given C:/Users/alise/Desktop/VIVADO/PROJECTS/MEMORY_WORK/PS/design_1_wrapper/hw/design_1_wrapper.xsa
TRACE::2023-12-07.18:19:09::SCWPlatform::DSA absoulate path C:/Users/alise/Desktop/VIVADO/PROJECTS/MEMORY_WORK/PS/design_1_wrapper/hw/design_1_wrapper.xsa
TRACE::2023-12-07.18:19:09::SCWPlatform::DSA directory C:/Users/alise/Desktop/VIVADO/PROJECTS/MEMORY_WORK/PS/design_1_wrapper/hw
TRACE::2023-12-07.18:19:09::SCWPlatform:: Platform Path C:/Users/alise/Desktop/VIVADO/PROJECTS/MEMORY_WORK/PS/design_1_wrapper/hw/design_1_wrapper.xsa
TRACE::2023-12-07.18:19:09::SCWPlatform:: Unique name xilinx:nexys4_ddr::0.0
TRACE::2023-12-07.18:19:09::SCWPlatform::Trying to set the existing hwdb with name design_1_wrapper_0
TRACE::2023-12-07.18:19:09::SCWPlatform::Opened existing hwdb design_1_wrapper_0
TRACE::2023-12-07.18:19:09::SCWPlatform::Found the Hw Db part of the input DSA
TRACE::2023-12-07.18:19:09::SCWPlatform::Trying to open the hw design at C:/Users/alise/Desktop/VIVADO/PROJECTS/MEMORY_WORK/PS/design_1_wrapper/hw/design_1_wrapper.xsa
TRACE::2023-12-07.18:19:09::SCWPlatform::DSA given C:/Users/alise/Desktop/VIVADO/PROJECTS/MEMORY_WORK/PS/design_1_wrapper/hw/design_1_wrapper.xsa
TRACE::2023-12-07.18:19:09::SCWPlatform::DSA absoulate path C:/Users/alise/Desktop/VIVADO/PROJECTS/MEMORY_WORK/PS/design_1_wrapper/hw/design_1_wrapper.xsa
TRACE::2023-12-07.18:19:09::SCWPlatform::DSA directory C:/Users/alise/Desktop/VIVADO/PROJECTS/MEMORY_WORK/PS/design_1_wrapper/hw
TRACE::2023-12-07.18:19:09::SCWPlatform:: Platform Path C:/Users/alise/Desktop/VIVADO/PROJECTS/MEMORY_WORK/PS/design_1_wrapper/hw/design_1_wrapper.xsa
TRACE::2023-12-07.18:19:09::SCWPlatform:: Unique name xilinx:nexys4_ddr::0.0
TRACE::2023-12-07.18:19:09::SCWPlatform::Trying to set the existing hwdb with name design_1_wrapper_0
TRACE::2023-12-07.18:19:09::SCWPlatform::Opened existing hwdb design_1_wrapper_0
TRACE::2023-12-07.18:19:09::SCWPlatform::Found the Hw Db part of the input DSA
TRACE::2023-12-07.18:19:09::SCWPlatform::Trying to open the hw design at C:/Users/alise/Desktop/VIVADO/PROJECTS/MEMORY_WORK/PS/design_1_wrapper/hw/design_1_wrapper.xsa
TRACE::2023-12-07.18:19:09::SCWPlatform::DSA given C:/Users/alise/Desktop/VIVADO/PROJECTS/MEMORY_WORK/PS/design_1_wrapper/hw/design_1_wrapper.xsa
TRACE::2023-12-07.18:19:09::SCWPlatform::DSA absoulate path C:/Users/alise/Desktop/VIVADO/PROJECTS/MEMORY_WORK/PS/design_1_wrapper/hw/design_1_wrapper.xsa
TRACE::2023-12-07.18:19:09::SCWPlatform::DSA directory C:/Users/alise/Desktop/VIVADO/PROJECTS/MEMORY_WORK/PS/design_1_wrapper/hw
TRACE::2023-12-07.18:19:09::SCWPlatform:: Platform Path C:/Users/alise/Desktop/VIVADO/PROJECTS/MEMORY_WORK/PS/design_1_wrapper/hw/design_1_wrapper.xsa
TRACE::2023-12-07.18:19:09::SCWPlatform:: Unique name xilinx:nexys4_ddr::0.0
TRACE::2023-12-07.18:19:09::SCWPlatform::Trying to set the existing hwdb with name design_1_wrapper_0
TRACE::2023-12-07.18:19:09::SCWPlatform::Opened existing hwdb design_1_wrapper_0
TRACE::2023-12-07.18:19:09::SCWPlatform::Found the Hw Db part of the input DSA
TRACE::2023-12-07.18:19:09::SCWMssOS::Checking the sw design at  C:/Users/alise/Desktop/VIVADO/PROJECTS/MEMORY_WORK/PS/design_1_wrapper/microblaze_0/domain_microblaze_0/bsp/system.mss
TRACE::2023-12-07.18:19:09::SCWMssOS::DEBUG:  swdes dump  
TRACE::2023-12-07.18:19:09::SCWMssOS::No sw design opened at  C:/Users/alise/Desktop/VIVADO/PROJECTS/MEMORY_WORK/PS/design_1_wrapper/microblaze_0/domain_microblaze_0/bsp/system.mss
TRACE::2023-12-07.18:19:09::SCWMssOS::mss does not exists at C:/Users/alise/Desktop/VIVADO/PROJECTS/MEMORY_WORK/PS/design_1_wrapper/microblaze_0/domain_microblaze_0/bsp/system.mss
TRACE::2023-12-07.18:19:09::SCWMssOS::Creating sw design at  C:/Users/alise/Desktop/VIVADO/PROJECTS/MEMORY_WORK/PS/design_1_wrapper/microblaze_0/domain_microblaze_0/bsp/system.mss
TRACE::2023-12-07.18:19:09::SCWMssOS::Adding the swdes entry, created swdb C:/Users/alise/Desktop/VIVADO/PROJECTS/MEMORY_WORK/PS/design_1_wrapper/microblaze_0/domain_microblaze_0/bsp/system.mss with des name C:/Users/alise/Desktop/VIVADO/PROJECTS/MEMORY_WORK/PS/design_1_wrapper/microblaze_0/domain_microblaze_0/bsp/system.mss
TRACE::2023-12-07.18:19:09::SCWMssOS::updating the scw layer changes to swdes at   C:/Users/alise/Desktop/VIVADO/PROJECTS/MEMORY_WORK/PS/design_1_wrapper/microblaze_0/domain_microblaze_0/bsp/system.mss
TRACE::2023-12-07.18:19:09::SCWMssOS::Writing mss at C:/Users/alise/Desktop/VIVADO/PROJECTS/MEMORY_WORK/PS/design_1_wrapper/microblaze_0/domain_microblaze_0/bsp/system.mss
TRACE::2023-12-07.18:19:09::SCWMssOS::Completed writing the mss file at C:/Users/alise/Desktop/VIVADO/PROJECTS/MEMORY_WORK/PS/design_1_wrapper/microblaze_0/domain_microblaze_0/bsp
TRACE::2023-12-07.18:19:09::SCWMssOS::Picking up changes from newly written mss file into SCW Layer. 
TRACE::2023-12-07.18:19:09::SCWMssOS::Updated the changes from newly written mss file into SCW Layer. 
TRACE::2023-12-07.18:19:09::SCWMssOS::Completed writing the mss file at C:/Users/alise/Desktop/VIVADO/PROJECTS/MEMORY_WORK/PS/design_1_wrapper/microblaze_0/domain_microblaze_0/bsp
TRACE::2023-12-07.18:19:09::SCWMssOS::Forcing BSP Sources regeneration.
TRACE::2023-12-07.18:19:10::SCWMssOS::Saving the mss changes C:/Users/alise/Desktop/VIVADO/PROJECTS/MEMORY_WORK/PS/design_1_wrapper/microblaze_0/domain_microblaze_0/bsp/system.mss
TRACE::2023-12-07.18:19:10::SCWMssOS::Found a swdesign opened with the mssfile.
TRACE::2023-12-07.18:19:10::SCWMssOS::Running validate of swdbs.
KEYINFO::2023-12-07.18:19:10::SCWMssOS::Could not open the swdb for C:/Users/alise/Desktop/VIVADO/PROJECTS/MEMORY_WORK/PS/design_1_wrapper/microblaze_0/domain_microblaze_0/bsp/system.mss
KEYINFO::2023-12-07.18:19:10::SCWMssOS::Could not open the sw design at  C:/Users/alise/Desktop/VIVADO/PROJECTS/MEMORY_WORK/PS/design_1_wrapper/microblaze_0/domain_microblaze_0/bsp/system.mss
ERROR: [Hsi 55-1558] Software Design C:/Users/alise/Desktop/VIVADO/PROJECTS/MEMORY_WORK/PS/design_1_wrapper/microblaze_0/domain_microblaze_0/bsp/system.mss is not found

TRACE::2023-12-07.18:19:10::SCWMssOS::Cleared the swdb table entry
TRACE::2023-12-07.18:19:10::SCWMssOS::Adding the swdes entry, mss present, able to open swdb C:/Users/alise/Desktop/VIVADO/PROJECTS/MEMORY_WORK/PS/design_1_wrapper/microblaze_0/domain_microblaze_0/bsp/system.mss with des name system
TRACE::2023-12-07.18:19:10::SCWMssOS::Writing the mss file completed C:/Users/alise/Desktop/VIVADO/PROJECTS/MEMORY_WORK/PS/design_1_wrapper/microblaze_0/domain_microblaze_0/bsp/system.mss
TRACE::2023-12-07.18:19:10::SCWMssOS::Commit changes completed.
TRACE::2023-12-07.18:19:10::SCWPlatform::Trying to open the hw design at C:/Users/alise/Desktop/VIVADO/PROJECTS/MEMORY_WORK/PS/design_1_wrapper/hw/design_1_wrapper.xsa
TRACE::2023-12-07.18:19:10::SCWPlatform::DSA given C:/Users/alise/Desktop/VIVADO/PROJECTS/MEMORY_WORK/PS/design_1_wrapper/hw/design_1_wrapper.xsa
TRACE::2023-12-07.18:19:10::SCWPlatform::DSA absoulate path C:/Users/alise/Desktop/VIVADO/PROJECTS/MEMORY_WORK/PS/design_1_wrapper/hw/design_1_wrapper.xsa
TRACE::2023-12-07.18:19:10::SCWPlatform::DSA directory C:/Users/alise/Desktop/VIVADO/PROJECTS/MEMORY_WORK/PS/design_1_wrapper/hw
TRACE::2023-12-07.18:19:10::SCWPlatform:: Platform Path C:/Users/alise/Desktop/VIVADO/PROJECTS/MEMORY_WORK/PS/design_1_wrapper/hw/design_1_wrapper.xsa
TRACE::2023-12-07.18:19:10::SCWPlatform:: Unique name xilinx:nexys4_ddr::0.0
TRACE::2023-12-07.18:19:10::SCWPlatform::Trying to set the existing hwdb with name design_1_wrapper_0
TRACE::2023-12-07.18:19:10::SCWPlatform::Opened existing hwdb design_1_wrapper_0
TRACE::2023-12-07.18:19:10::SCWPlatform::Found the Hw Db part of the input DSA
TRACE::2023-12-07.18:19:10::SCWMssOS::Checking the sw design at  C:/Users/alise/Desktop/VIVADO/PROJECTS/MEMORY_WORK/PS/design_1_wrapper/microblaze_0/domain_microblaze_0/bsp/system.mss
TRACE::2023-12-07.18:19:10::SCWMssOS::DEBUG:  swdes dump  C:/Users/alise/Desktop/VIVADO/PROJECTS/MEMORY_WORK/PS/design_1_wrapper/microblaze_0/domain_microblaze_0/bsp/system.mss|system||

TRACE::2023-12-07.18:19:10::SCWMssOS::Sw design exists and opened at  C:/Users/alise/Desktop/VIVADO/PROJECTS/MEMORY_WORK/PS/design_1_wrapper/microblaze_0/domain_microblaze_0/bsp/system.mss
TRACE::2023-12-07.18:19:10::SCWPlatform::Trying to open the hw design at C:/Users/alise/Desktop/VIVADO/PROJECTS/MEMORY_WORK/PS/design_1_wrapper/hw/design_1_wrapper.xsa
TRACE::2023-12-07.18:19:10::SCWPlatform::DSA given C:/Users/alise/Desktop/VIVADO/PROJECTS/MEMORY_WORK/PS/design_1_wrapper/hw/design_1_wrapper.xsa
TRACE::2023-12-07.18:19:10::SCWPlatform::DSA absoulate path C:/Users/alise/Desktop/VIVADO/PROJECTS/MEMORY_WORK/PS/design_1_wrapper/hw/design_1_wrapper.xsa
TRACE::2023-12-07.18:19:10::SCWPlatform::DSA directory C:/Users/alise/Desktop/VIVADO/PROJECTS/MEMORY_WORK/PS/design_1_wrapper/hw
TRACE::2023-12-07.18:19:10::SCWPlatform:: Platform Path C:/Users/alise/Desktop/VIVADO/PROJECTS/MEMORY_WORK/PS/design_1_wrapper/hw/design_1_wrapper.xsa
TRACE::2023-12-07.18:19:10::SCWPlatform:: Unique name xilinx:nexys4_ddr::0.0
TRACE::2023-12-07.18:19:10::SCWPlatform::Trying to set the existing hwdb with name design_1_wrapper_0
TRACE::2023-12-07.18:19:10::SCWPlatform::Opened existing hwdb design_1_wrapper_0
TRACE::2023-12-07.18:19:10::SCWPlatform::Found the Hw Db part of the input DSA
TRACE::2023-12-07.18:19:10::SCWMssOS::Checking the sw design at  C:/Users/alise/Desktop/VIVADO/PROJECTS/MEMORY_WORK/PS/design_1_wrapper/microblaze_0/domain_microblaze_0/bsp/system.mss
TRACE::2023-12-07.18:19:10::SCWMssOS::DEBUG:  swdes dump  C:/Users/alise/Desktop/VIVADO/PROJECTS/MEMORY_WORK/PS/design_1_wrapper/microblaze_0/domain_microblaze_0/bsp/system.mss|system||

TRACE::2023-12-07.18:19:10::SCWMssOS::Sw design exists and opened at  C:/Users/alise/Desktop/VIVADO/PROJECTS/MEMORY_WORK/PS/design_1_wrapper/microblaze_0/domain_microblaze_0/bsp/system.mss
TRACE::2023-12-07.18:19:10::SCWPlatform::Trying to open the hw design at C:/Users/alise/Desktop/VIVADO/PROJECTS/MEMORY_WORK/PS/design_1_wrapper/hw/design_1_wrapper.xsa
TRACE::2023-12-07.18:19:10::SCWPlatform::DSA given C:/Users/alise/Desktop/VIVADO/PROJECTS/MEMORY_WORK/PS/design_1_wrapper/hw/design_1_wrapper.xsa
TRACE::2023-12-07.18:19:10::SCWPlatform::DSA absoulate path C:/Users/alise/Desktop/VIVADO/PROJECTS/MEMORY_WORK/PS/design_1_wrapper/hw/design_1_wrapper.xsa
TRACE::2023-12-07.18:19:10::SCWPlatform::DSA directory C:/Users/alise/Desktop/VIVADO/PROJECTS/MEMORY_WORK/PS/design_1_wrapper/hw
TRACE::2023-12-07.18:19:10::SCWPlatform:: Platform Path C:/Users/alise/Desktop/VIVADO/PROJECTS/MEMORY_WORK/PS/design_1_wrapper/hw/design_1_wrapper.xsa
TRACE::2023-12-07.18:19:10::SCWPlatform:: Unique name xilinx:nexys4_ddr::0.0
TRACE::2023-12-07.18:19:10::SCWPlatform::Trying to set the existing hwdb with name design_1_wrapper_0
TRACE::2023-12-07.18:19:10::SCWPlatform::Opened existing hwdb design_1_wrapper_0
TRACE::2023-12-07.18:19:10::SCWPlatform::Found the Hw Db part of the input DSA
TRACE::2023-12-07.18:19:10::SCWMssOS::Checking the sw design at  C:/Users/alise/Desktop/VIVADO/PROJECTS/MEMORY_WORK/PS/design_1_wrapper/microblaze_0/domain_microblaze_0/bsp/system.mss
TRACE::2023-12-07.18:19:10::SCWMssOS::DEBUG:  swdes dump  C:/Users/alise/Desktop/VIVADO/PROJECTS/MEMORY_WORK/PS/design_1_wrapper/microblaze_0/domain_microblaze_0/bsp/system.mss|system||

TRACE::2023-12-07.18:19:10::SCWMssOS::Sw design exists and opened at  C:/Users/alise/Desktop/VIVADO/PROJECTS/MEMORY_WORK/PS/design_1_wrapper/microblaze_0/domain_microblaze_0/bsp/system.mss
TRACE::2023-12-07.18:19:10::SCWWriter::formatted JSON is {
	"platformName":	"design_1_wrapper",
	"sprVersion":	"2.0",
	"mode":	"gui",
	"dsaType":	"Fixed",
	"platformDesc":	"design_1_wrapper",
	"platHandOff":	"C:/Users/alise/Desktop/VIVADO/PROJECTS/MEMORY_WORK/design_1_wrapper.xsa",
	"platIntHandOff":	"<platformDir>/hw/design_1_wrapper.xsa",
	"deviceType":	"FPGA",
	"platIsPrebuiltAutogen":	"false",
	"platIsNoBootBsp":	"false",
	"hasFsblMakeHasChanges":	"false",
	"hasPmufwMakeHasChanges":	"false",
	"platPreBuiltFlag":	false,
	"platformSamplesDir":	"",
	"platActiveSys":	"design_1_wrapper",
	"systems":	[{
			"systemName":	"design_1_wrapper",
			"systemDesc":	"design_1_wrapper",
			"sysIsBootAutoGen":	"true",
			"systemDispName":	"design_1_wrapper",
			"sysActiveDom":	"domain_microblaze_0",
			"sysDefaultDom":	"domain_microblaze_0",
			"domains":	[{
					"domainName":	"domain_microblaze_0",
					"domainDispName":	"domain_microblaze_0",
					"domainDesc":	"domain_microblaze_0",
					"processors":	"microblaze_0",
					"os":	"standalone",
					"sdxOs":	"standalone",
					"debugEnable":	"False",
					"domRuntimes":	["cpp"],
					"swRepo":	"",
					"mssOsVer":	"7.2",
					"mssFile":	"",
					"md5Digest":	"f00ac804c6735db9693f7dc2217ae864",
					"compatibleApp":	"hello_world",
					"domType":	"mssDomain",
					"arch":	"32-bit",
					"appSettings":	{
						"appCompilerFlags":	"",
						"appLinkerFlags":	""
					},
					"addedLibs":	[],
					"libOptions":	{
						"libsContainingOptions":	[]
					},
					"prebuiltLibs":	{
						"prebuiltIncPath":	[],
						"prebuiltLibPath":	[]
					},
					"isolation":	{
					}
				}]
		}]
}
LOG::2023-12-07.18:19:10::SCWPlatform::Started generating the artifacts platform design_1_wrapper
TRACE::2023-12-07.18:19:10::SCWPlatform::Sanity checking of platform is completed
LOG::2023-12-07.18:19:10::SCWPlatform::Started generating the artifacts for system configuration design_1_wrapper
LOG::2023-12-07.18:19:10::SCWSystem::Checking the domain domain_microblaze_0
LOG::2023-12-07.18:19:10::SCWSystem::Not a boot domain 
LOG::2023-12-07.18:19:10::SCWSystem::Started Processing the domain domain_microblaze_0
TRACE::2023-12-07.18:19:10::SCWDomain::Generating domain artifcats
TRACE::2023-12-07.18:19:10::SCWMssOS::Generating standalone artifcats
TRACE::2023-12-07.18:19:10::SCWMssOS:: Copying the user libraries. 
TRACE::2023-12-07.18:19:10::SCWPlatform::Trying to open the hw design at C:/Users/alise/Desktop/VIVADO/PROJECTS/MEMORY_WORK/PS/design_1_wrapper/hw/design_1_wrapper.xsa
TRACE::2023-12-07.18:19:10::SCWPlatform::DSA given C:/Users/alise/Desktop/VIVADO/PROJECTS/MEMORY_WORK/PS/design_1_wrapper/hw/design_1_wrapper.xsa
TRACE::2023-12-07.18:19:10::SCWPlatform::DSA absoulate path C:/Users/alise/Desktop/VIVADO/PROJECTS/MEMORY_WORK/PS/design_1_wrapper/hw/design_1_wrapper.xsa
TRACE::2023-12-07.18:19:10::SCWPlatform::DSA directory C:/Users/alise/Desktop/VIVADO/PROJECTS/MEMORY_WORK/PS/design_1_wrapper/hw
TRACE::2023-12-07.18:19:10::SCWPlatform:: Platform Path C:/Users/alise/Desktop/VIVADO/PROJECTS/MEMORY_WORK/PS/design_1_wrapper/hw/design_1_wrapper.xsa
TRACE::2023-12-07.18:19:10::SCWPlatform:: Unique name xilinx:nexys4_ddr::0.0
TRACE::2023-12-07.18:19:10::SCWPlatform::Trying to set the existing hwdb with name design_1_wrapper_0
TRACE::2023-12-07.18:19:10::SCWPlatform::Opened existing hwdb design_1_wrapper_0
TRACE::2023-12-07.18:19:10::SCWPlatform::Found the Hw Db part of the input DSA
TRACE::2023-12-07.18:19:10::SCWMssOS::Checking the sw design at  C:/Users/alise/Desktop/VIVADO/PROJECTS/MEMORY_WORK/PS/design_1_wrapper/microblaze_0/domain_microblaze_0/bsp/system.mss
TRACE::2023-12-07.18:19:10::SCWMssOS::DEBUG:  swdes dump  C:/Users/alise/Desktop/VIVADO/PROJECTS/MEMORY_WORK/PS/design_1_wrapper/microblaze_0/domain_microblaze_0/bsp/system.mss|system||

TRACE::2023-12-07.18:19:10::SCWMssOS::Sw design exists and opened at  C:/Users/alise/Desktop/VIVADO/PROJECTS/MEMORY_WORK/PS/design_1_wrapper/microblaze_0/domain_microblaze_0/bsp/system.mss
TRACE::2023-12-07.18:19:10::SCWMssOS::Completed writing the mss file at C:/Users/alise/Desktop/VIVADO/PROJECTS/MEMORY_WORK/PS/design_1_wrapper/microblaze_0/domain_microblaze_0/bsp
TRACE::2023-12-07.18:19:10::SCWMssOS::Mss edits present, copying mssfile into export location C:/Users/alise/Desktop/VIVADO/PROJECTS/MEMORY_WORK/PS/design_1_wrapper/microblaze_0/domain_microblaze_0/bsp/system.mss
TRACE::2023-12-07.18:19:10::SCWMssOS::bsp generated is upto date with the mss file. Skipping bsp generation.
TRACE::2023-12-07.18:19:10::SCWMssOS::BSP is already built. skipping the bsp build ... 
TRACE::2023-12-07.18:19:10::SCWDomain::Skipping the build for domain :  domain_microblaze_0
TRACE::2023-12-07.18:19:10::SCWMssOS::skipping the bsp build ... 
TRACE::2023-12-07.18:19:10::SCWMssOS::Copying to export directory.
TRACE::2023-12-07.18:19:10::SCWMssOS:: Checking if to create the Supporting Applications
TRACE::2023-12-07.18:19:10::SCWMssOS:: No Linux domain exists, trying to generate FSBL 
LOG::2023-12-07.18:19:10::SCWSystem::Completed Processing the domain domain_microblaze_0
LOG::2023-12-07.18:19:10::SCWSystem::Completed Processing the sysconfig design_1_wrapper
LOG::2023-12-07.18:19:10::SCWPlatform::Completed generating the artifacts for system configuration design_1_wrapper
TRACE::2023-12-07.18:19:10::SCWPlatform::Started preparing the platform 
TRACE::2023-12-07.18:19:10::SCWSystem::Writing the bif file for system config design_1_wrapper
TRACE::2023-12-07.18:19:10::SCWSystem::dir created 
TRACE::2023-12-07.18:19:10::SCWSystem::Writing the bif 
TRACE::2023-12-07.18:19:10::SCWPlatform::Started writing the spfm file 
TRACE::2023-12-07.18:19:10::SCWPlatform::Started writing the xpfm file 
TRACE::2023-12-07.18:19:10::SCWPlatform::Completed generating the platform
TRACE::2023-12-07.18:19:10::SCWMssOS::Saving the mss changes C:/Users/alise/Desktop/VIVADO/PROJECTS/MEMORY_WORK/PS/design_1_wrapper/microblaze_0/domain_microblaze_0/bsp/system.mss
TRACE::2023-12-07.18:19:10::SCWMssOS::Found a swdesign opened with the mssfile.
TRACE::2023-12-07.18:19:10::SCWMssOS::Completed writemss as part of save.
TRACE::2023-12-07.18:19:10::SCWMssOS::Commit changes completed.
TRACE::2023-12-07.18:19:10::SCWPlatform::Trying to open the hw design at C:/Users/alise/Desktop/VIVADO/PROJECTS/MEMORY_WORK/PS/design_1_wrapper/hw/design_1_wrapper.xsa
TRACE::2023-12-07.18:19:10::SCWPlatform::DSA given C:/Users/alise/Desktop/VIVADO/PROJECTS/MEMORY_WORK/PS/design_1_wrapper/hw/design_1_wrapper.xsa
TRACE::2023-12-07.18:19:10::SCWPlatform::DSA absoulate path C:/Users/alise/Desktop/VIVADO/PROJECTS/MEMORY_WORK/PS/design_1_wrapper/hw/design_1_wrapper.xsa
TRACE::2023-12-07.18:19:10::SCWPlatform::DSA directory C:/Users/alise/Desktop/VIVADO/PROJECTS/MEMORY_WORK/PS/design_1_wrapper/hw
TRACE::2023-12-07.18:19:10::SCWPlatform:: Platform Path C:/Users/alise/Desktop/VIVADO/PROJECTS/MEMORY_WORK/PS/design_1_wrapper/hw/design_1_wrapper.xsa
TRACE::2023-12-07.18:19:10::SCWPlatform:: Unique name xilinx:nexys4_ddr::0.0
TRACE::2023-12-07.18:19:10::SCWPlatform::Trying to set the existing hwdb with name design_1_wrapper_0
TRACE::2023-12-07.18:19:10::SCWPlatform::Opened existing hwdb design_1_wrapper_0
TRACE::2023-12-07.18:19:10::SCWPlatform::Found the Hw Db part of the input DSA
TRACE::2023-12-07.18:19:10::SCWMssOS::Checking the sw design at  C:/Users/alise/Desktop/VIVADO/PROJECTS/MEMORY_WORK/PS/design_1_wrapper/microblaze_0/domain_microblaze_0/bsp/system.mss
TRACE::2023-12-07.18:19:10::SCWMssOS::DEBUG:  swdes dump  C:/Users/alise/Desktop/VIVADO/PROJECTS/MEMORY_WORK/PS/design_1_wrapper/microblaze_0/domain_microblaze_0/bsp/system.mss|system||

TRACE::2023-12-07.18:19:10::SCWMssOS::Sw design exists and opened at  C:/Users/alise/Desktop/VIVADO/PROJECTS/MEMORY_WORK/PS/design_1_wrapper/microblaze_0/domain_microblaze_0/bsp/system.mss
TRACE::2023-12-07.18:19:10::SCWPlatform::Trying to open the hw design at C:/Users/alise/Desktop/VIVADO/PROJECTS/MEMORY_WORK/PS/design_1_wrapper/hw/design_1_wrapper.xsa
TRACE::2023-12-07.18:19:10::SCWPlatform::DSA given C:/Users/alise/Desktop/VIVADO/PROJECTS/MEMORY_WORK/PS/design_1_wrapper/hw/design_1_wrapper.xsa
TRACE::2023-12-07.18:19:10::SCWPlatform::DSA absoulate path C:/Users/alise/Desktop/VIVADO/PROJECTS/MEMORY_WORK/PS/design_1_wrapper/hw/design_1_wrapper.xsa
TRACE::2023-12-07.18:19:10::SCWPlatform::DSA directory C:/Users/alise/Desktop/VIVADO/PROJECTS/MEMORY_WORK/PS/design_1_wrapper/hw
TRACE::2023-12-07.18:19:10::SCWPlatform:: Platform Path C:/Users/alise/Desktop/VIVADO/PROJECTS/MEMORY_WORK/PS/design_1_wrapper/hw/design_1_wrapper.xsa
TRACE::2023-12-07.18:19:10::SCWPlatform:: Unique name xilinx:nexys4_ddr::0.0
TRACE::2023-12-07.18:19:10::SCWPlatform::Trying to set the existing hwdb with name design_1_wrapper_0
TRACE::2023-12-07.18:19:10::SCWPlatform::Opened existing hwdb design_1_wrapper_0
TRACE::2023-12-07.18:19:10::SCWPlatform::Found the Hw Db part of the input DSA
TRACE::2023-12-07.18:19:10::SCWMssOS::Checking the sw design at  C:/Users/alise/Desktop/VIVADO/PROJECTS/MEMORY_WORK/PS/design_1_wrapper/microblaze_0/domain_microblaze_0/bsp/system.mss
TRACE::2023-12-07.18:19:10::SCWMssOS::DEBUG:  swdes dump  C:/Users/alise/Desktop/VIVADO/PROJECTS/MEMORY_WORK/PS/design_1_wrapper/microblaze_0/domain_microblaze_0/bsp/system.mss|system||

TRACE::2023-12-07.18:19:10::SCWMssOS::Sw design exists and opened at  C:/Users/alise/Desktop/VIVADO/PROJECTS/MEMORY_WORK/PS/design_1_wrapper/microblaze_0/domain_microblaze_0/bsp/system.mss
TRACE::2023-12-07.18:19:10::SCWPlatform::Trying to open the hw design at C:/Users/alise/Desktop/VIVADO/PROJECTS/MEMORY_WORK/PS/design_1_wrapper/hw/design_1_wrapper.xsa
TRACE::2023-12-07.18:19:10::SCWPlatform::DSA given C:/Users/alise/Desktop/VIVADO/PROJECTS/MEMORY_WORK/PS/design_1_wrapper/hw/design_1_wrapper.xsa
TRACE::2023-12-07.18:19:10::SCWPlatform::DSA absoulate path C:/Users/alise/Desktop/VIVADO/PROJECTS/MEMORY_WORK/PS/design_1_wrapper/hw/design_1_wrapper.xsa
TRACE::2023-12-07.18:19:10::SCWPlatform::DSA directory C:/Users/alise/Desktop/VIVADO/PROJECTS/MEMORY_WORK/PS/design_1_wrapper/hw
TRACE::2023-12-07.18:19:10::SCWPlatform:: Platform Path C:/Users/alise/Desktop/VIVADO/PROJECTS/MEMORY_WORK/PS/design_1_wrapper/hw/design_1_wrapper.xsa
TRACE::2023-12-07.18:19:10::SCWPlatform:: Unique name xilinx:nexys4_ddr::0.0
TRACE::2023-12-07.18:19:10::SCWPlatform::Trying to set the existing hwdb with name design_1_wrapper_0
TRACE::2023-12-07.18:19:10::SCWPlatform::Opened existing hwdb design_1_wrapper_0
TRACE::2023-12-07.18:19:10::SCWPlatform::Found the Hw Db part of the input DSA
TRACE::2023-12-07.18:19:10::SCWMssOS::Checking the sw design at  C:/Users/alise/Desktop/VIVADO/PROJECTS/MEMORY_WORK/PS/design_1_wrapper/microblaze_0/domain_microblaze_0/bsp/system.mss
TRACE::2023-12-07.18:19:10::SCWMssOS::DEBUG:  swdes dump  C:/Users/alise/Desktop/VIVADO/PROJECTS/MEMORY_WORK/PS/design_1_wrapper/microblaze_0/domain_microblaze_0/bsp/system.mss|system||

TRACE::2023-12-07.18:19:10::SCWMssOS::Sw design exists and opened at  C:/Users/alise/Desktop/VIVADO/PROJECTS/MEMORY_WORK/PS/design_1_wrapper/microblaze_0/domain_microblaze_0/bsp/system.mss
TRACE::2023-12-07.18:19:10::SCWWriter::formatted JSON is {
	"platformName":	"design_1_wrapper",
	"sprVersion":	"2.0",
	"mode":	"gui",
	"dsaType":	"Fixed",
	"platformDesc":	"design_1_wrapper",
	"platHandOff":	"C:/Users/alise/Desktop/VIVADO/PROJECTS/MEMORY_WORK/design_1_wrapper.xsa",
	"platIntHandOff":	"<platformDir>/hw/design_1_wrapper.xsa",
	"deviceType":	"FPGA",
	"platIsPrebuiltAutogen":	"false",
	"platIsNoBootBsp":	"false",
	"hasFsblMakeHasChanges":	"false",
	"hasPmufwMakeHasChanges":	"false",
	"platPreBuiltFlag":	false,
	"platformSamplesDir":	"",
	"platActiveSys":	"design_1_wrapper",
	"systems":	[{
			"systemName":	"design_1_wrapper",
			"systemDesc":	"design_1_wrapper",
			"sysIsBootAutoGen":	"true",
			"systemDispName":	"design_1_wrapper",
			"sysActiveDom":	"domain_microblaze_0",
			"sysDefaultDom":	"domain_microblaze_0",
			"domains":	[{
					"domainName":	"domain_microblaze_0",
					"domainDispName":	"domain_microblaze_0",
					"domainDesc":	"domain_microblaze_0",
					"processors":	"microblaze_0",
					"os":	"standalone",
					"sdxOs":	"standalone",
					"debugEnable":	"False",
					"domRuntimes":	["cpp"],
					"swRepo":	"",
					"mssOsVer":	"7.2",
					"mssFile":	"",
					"md5Digest":	"f00ac804c6735db9693f7dc2217ae864",
					"compatibleApp":	"hello_world",
					"domType":	"mssDomain",
					"arch":	"32-bit",
					"appSettings":	{
						"appCompilerFlags":	"",
						"appLinkerFlags":	""
					},
					"addedLibs":	[],
					"libOptions":	{
						"libsContainingOptions":	[]
					},
					"prebuiltLibs":	{
						"prebuiltIncPath":	[],
						"prebuiltLibPath":	[]
					},
					"isolation":	{
					}
				}]
		}]
}
KEYINFO::2023-12-07.18:19:10::SCWPlatform::updated the xpfm file.
TRACE::2023-12-07.18:19:10::SCWPlatform::Trying to open the hw design at C:/Users/alise/Desktop/VIVADO/PROJECTS/MEMORY_WORK/PS/design_1_wrapper/hw/design_1_wrapper.xsa
TRACE::2023-12-07.18:19:10::SCWPlatform::DSA given C:/Users/alise/Desktop/VIVADO/PROJECTS/MEMORY_WORK/PS/design_1_wrapper/hw/design_1_wrapper.xsa
TRACE::2023-12-07.18:19:10::SCWPlatform::DSA absoulate path C:/Users/alise/Desktop/VIVADO/PROJECTS/MEMORY_WORK/PS/design_1_wrapper/hw/design_1_wrapper.xsa
TRACE::2023-12-07.18:19:10::SCWPlatform::DSA directory C:/Users/alise/Desktop/VIVADO/PROJECTS/MEMORY_WORK/PS/design_1_wrapper/hw
TRACE::2023-12-07.18:19:10::SCWPlatform:: Platform Path C:/Users/alise/Desktop/VIVADO/PROJECTS/MEMORY_WORK/PS/design_1_wrapper/hw/design_1_wrapper.xsa
TRACE::2023-12-07.18:19:10::SCWPlatform:: Unique name xilinx:nexys4_ddr::0.0
TRACE::2023-12-07.18:19:10::SCWPlatform::Trying to set the existing hwdb with name design_1_wrapper_0
TRACE::2023-12-07.18:19:10::SCWPlatform::Opened existing hwdb design_1_wrapper_0
TRACE::2023-12-07.18:19:10::SCWPlatform::Found the Hw Db part of the input DSA
TRACE::2023-12-07.18:19:10::SCWMssOS::Checking the sw design at  C:/Users/alise/Desktop/VIVADO/PROJECTS/MEMORY_WORK/PS/design_1_wrapper/microblaze_0/domain_microblaze_0/bsp/system.mss
TRACE::2023-12-07.18:19:10::SCWMssOS::DEBUG:  swdes dump  C:/Users/alise/Desktop/VIVADO/PROJECTS/MEMORY_WORK/PS/design_1_wrapper/microblaze_0/domain_microblaze_0/bsp/system.mss|system||

TRACE::2023-12-07.18:19:10::SCWMssOS::Sw design exists and opened at  C:/Users/alise/Desktop/VIVADO/PROJECTS/MEMORY_WORK/PS/design_1_wrapper/microblaze_0/domain_microblaze_0/bsp/system.mss
TRACE::2023-12-07.18:19:10::SCWMssOS::Saving the mss changes C:/Users/alise/Desktop/VIVADO/PROJECTS/MEMORY_WORK/PS/design_1_wrapper/microblaze_0/domain_microblaze_0/bsp/system.mss
TRACE::2023-12-07.18:19:10::SCWMssOS::Found a swdesign opened with the mssfile.
TRACE::2023-12-07.18:19:10::SCWMssOS::Completed writemss as part of save.
TRACE::2023-12-07.18:19:10::SCWMssOS::Commit changes completed.
TRACE::2023-12-07.18:19:10::SCWPlatform::Trying to open the hw design at C:/Users/alise/Desktop/VIVADO/PROJECTS/MEMORY_WORK/PS/design_1_wrapper/hw/design_1_wrapper.xsa
TRACE::2023-12-07.18:19:10::SCWPlatform::DSA given C:/Users/alise/Desktop/VIVADO/PROJECTS/MEMORY_WORK/PS/design_1_wrapper/hw/design_1_wrapper.xsa
TRACE::2023-12-07.18:19:10::SCWPlatform::DSA absoulate path C:/Users/alise/Desktop/VIVADO/PROJECTS/MEMORY_WORK/PS/design_1_wrapper/hw/design_1_wrapper.xsa
TRACE::2023-12-07.18:19:10::SCWPlatform::DSA directory C:/Users/alise/Desktop/VIVADO/PROJECTS/MEMORY_WORK/PS/design_1_wrapper/hw
TRACE::2023-12-07.18:19:10::SCWPlatform:: Platform Path C:/Users/alise/Desktop/VIVADO/PROJECTS/MEMORY_WORK/PS/design_1_wrapper/hw/design_1_wrapper.xsa
TRACE::2023-12-07.18:19:10::SCWPlatform:: Unique name xilinx:nexys4_ddr::0.0
TRACE::2023-12-07.18:19:10::SCWPlatform::Trying to set the existing hwdb with name design_1_wrapper_0
TRACE::2023-12-07.18:19:10::SCWPlatform::Opened existing hwdb design_1_wrapper_0
TRACE::2023-12-07.18:19:10::SCWPlatform::Found the Hw Db part of the input DSA
TRACE::2023-12-07.18:19:10::SCWMssOS::Checking the sw design at  C:/Users/alise/Desktop/VIVADO/PROJECTS/MEMORY_WORK/PS/design_1_wrapper/microblaze_0/domain_microblaze_0/bsp/system.mss
TRACE::2023-12-07.18:19:10::SCWMssOS::DEBUG:  swdes dump  C:/Users/alise/Desktop/VIVADO/PROJECTS/MEMORY_WORK/PS/design_1_wrapper/microblaze_0/domain_microblaze_0/bsp/system.mss|system||

TRACE::2023-12-07.18:19:10::SCWMssOS::Sw design exists and opened at  C:/Users/alise/Desktop/VIVADO/PROJECTS/MEMORY_WORK/PS/design_1_wrapper/microblaze_0/domain_microblaze_0/bsp/system.mss
TRACE::2023-12-07.18:19:10::SCWPlatform::Trying to open the hw design at C:/Users/alise/Desktop/VIVADO/PROJECTS/MEMORY_WORK/PS/design_1_wrapper/hw/design_1_wrapper.xsa
TRACE::2023-12-07.18:19:10::SCWPlatform::DSA given C:/Users/alise/Desktop/VIVADO/PROJECTS/MEMORY_WORK/PS/design_1_wrapper/hw/design_1_wrapper.xsa
TRACE::2023-12-07.18:19:10::SCWPlatform::DSA absoulate path C:/Users/alise/Desktop/VIVADO/PROJECTS/MEMORY_WORK/PS/design_1_wrapper/hw/design_1_wrapper.xsa
TRACE::2023-12-07.18:19:10::SCWPlatform::DSA directory C:/Users/alise/Desktop/VIVADO/PROJECTS/MEMORY_WORK/PS/design_1_wrapper/hw
TRACE::2023-12-07.18:19:10::SCWPlatform:: Platform Path C:/Users/alise/Desktop/VIVADO/PROJECTS/MEMORY_WORK/PS/design_1_wrapper/hw/design_1_wrapper.xsa
TRACE::2023-12-07.18:19:10::SCWPlatform:: Unique name xilinx:nexys4_ddr::0.0
TRACE::2023-12-07.18:19:10::SCWPlatform::Trying to set the existing hwdb with name design_1_wrapper_0
TRACE::2023-12-07.18:19:10::SCWPlatform::Opened existing hwdb design_1_wrapper_0
TRACE::2023-12-07.18:19:10::SCWPlatform::Found the Hw Db part of the input DSA
TRACE::2023-12-07.18:19:10::SCWMssOS::Checking the sw design at  C:/Users/alise/Desktop/VIVADO/PROJECTS/MEMORY_WORK/PS/design_1_wrapper/microblaze_0/domain_microblaze_0/bsp/system.mss
TRACE::2023-12-07.18:19:10::SCWMssOS::DEBUG:  swdes dump  C:/Users/alise/Desktop/VIVADO/PROJECTS/MEMORY_WORK/PS/design_1_wrapper/microblaze_0/domain_microblaze_0/bsp/system.mss|system||

TRACE::2023-12-07.18:19:10::SCWMssOS::Sw design exists and opened at  C:/Users/alise/Desktop/VIVADO/PROJECTS/MEMORY_WORK/PS/design_1_wrapper/microblaze_0/domain_microblaze_0/bsp/system.mss
TRACE::2023-12-07.18:19:10::SCWPlatform::Trying to open the hw design at C:/Users/alise/Desktop/VIVADO/PROJECTS/MEMORY_WORK/PS/design_1_wrapper/hw/design_1_wrapper.xsa
TRACE::2023-12-07.18:19:10::SCWPlatform::DSA given C:/Users/alise/Desktop/VIVADO/PROJECTS/MEMORY_WORK/PS/design_1_wrapper/hw/design_1_wrapper.xsa
TRACE::2023-12-07.18:19:10::SCWPlatform::DSA absoulate path C:/Users/alise/Desktop/VIVADO/PROJECTS/MEMORY_WORK/PS/design_1_wrapper/hw/design_1_wrapper.xsa
TRACE::2023-12-07.18:19:10::SCWPlatform::DSA directory C:/Users/alise/Desktop/VIVADO/PROJECTS/MEMORY_WORK/PS/design_1_wrapper/hw
TRACE::2023-12-07.18:19:10::SCWPlatform:: Platform Path C:/Users/alise/Desktop/VIVADO/PROJECTS/MEMORY_WORK/PS/design_1_wrapper/hw/design_1_wrapper.xsa
TRACE::2023-12-07.18:19:10::SCWPlatform:: Unique name xilinx:nexys4_ddr::0.0
TRACE::2023-12-07.18:19:10::SCWPlatform::Trying to set the existing hwdb with name design_1_wrapper_0
TRACE::2023-12-07.18:19:10::SCWPlatform::Opened existing hwdb design_1_wrapper_0
TRACE::2023-12-07.18:19:10::SCWPlatform::Found the Hw Db part of the input DSA
TRACE::2023-12-07.18:19:10::SCWMssOS::Checking the sw design at  C:/Users/alise/Desktop/VIVADO/PROJECTS/MEMORY_WORK/PS/design_1_wrapper/microblaze_0/domain_microblaze_0/bsp/system.mss
TRACE::2023-12-07.18:19:10::SCWMssOS::DEBUG:  swdes dump  C:/Users/alise/Desktop/VIVADO/PROJECTS/MEMORY_WORK/PS/design_1_wrapper/microblaze_0/domain_microblaze_0/bsp/system.mss|system||

TRACE::2023-12-07.18:19:10::SCWMssOS::Sw design exists and opened at  C:/Users/alise/Desktop/VIVADO/PROJECTS/MEMORY_WORK/PS/design_1_wrapper/microblaze_0/domain_microblaze_0/bsp/system.mss
TRACE::2023-12-07.18:19:10::SCWWriter::formatted JSON is {
	"platformName":	"design_1_wrapper",
	"sprVersion":	"2.0",
	"mode":	"gui",
	"dsaType":	"Fixed",
	"platformDesc":	"design_1_wrapper",
	"platHandOff":	"C:/Users/alise/Desktop/VIVADO/PROJECTS/MEMORY_WORK/design_1_wrapper.xsa",
	"platIntHandOff":	"<platformDir>/hw/design_1_wrapper.xsa",
	"deviceType":	"FPGA",
	"platIsPrebuiltAutogen":	"false",
	"platIsNoBootBsp":	"false",
	"hasFsblMakeHasChanges":	"false",
	"hasPmufwMakeHasChanges":	"false",
	"platPreBuiltFlag":	false,
	"platformSamplesDir":	"",
	"platActiveSys":	"design_1_wrapper",
	"systems":	[{
			"systemName":	"design_1_wrapper",
			"systemDesc":	"design_1_wrapper",
			"sysIsBootAutoGen":	"true",
			"systemDispName":	"design_1_wrapper",
			"sysActiveDom":	"domain_microblaze_0",
			"sysDefaultDom":	"domain_microblaze_0",
			"domains":	[{
					"domainName":	"domain_microblaze_0",
					"domainDispName":	"domain_microblaze_0",
					"domainDesc":	"domain_microblaze_0",
					"processors":	"microblaze_0",
					"os":	"standalone",
					"sdxOs":	"standalone",
					"debugEnable":	"False",
					"domRuntimes":	["cpp"],
					"swRepo":	"",
					"mssOsVer":	"7.2",
					"mssFile":	"",
					"md5Digest":	"f00ac804c6735db9693f7dc2217ae864",
					"compatibleApp":	"hello_world",
					"domType":	"mssDomain",
					"arch":	"32-bit",
					"appSettings":	{
						"appCompilerFlags":	"",
						"appLinkerFlags":	""
					},
					"addedLibs":	[],
					"libOptions":	{
						"libsContainingOptions":	[]
					},
					"prebuiltLibs":	{
						"prebuiltIncPath":	[],
						"prebuiltLibPath":	[]
					},
					"isolation":	{
					}
				}]
		}]
}
TRACE::2023-12-07.18:19:10::SCWPlatform::Trying to open the hw design at C:/Users/alise/Desktop/VIVADO/PROJECTS/MEMORY_WORK/PS/design_1_wrapper/hw/design_1_wrapper.xsa
TRACE::2023-12-07.18:19:10::SCWPlatform::DSA given C:/Users/alise/Desktop/VIVADO/PROJECTS/MEMORY_WORK/PS/design_1_wrapper/hw/design_1_wrapper.xsa
TRACE::2023-12-07.18:19:10::SCWPlatform::DSA absoulate path C:/Users/alise/Desktop/VIVADO/PROJECTS/MEMORY_WORK/PS/design_1_wrapper/hw/design_1_wrapper.xsa
TRACE::2023-12-07.18:19:10::SCWPlatform::DSA directory C:/Users/alise/Desktop/VIVADO/PROJECTS/MEMORY_WORK/PS/design_1_wrapper/hw
TRACE::2023-12-07.18:19:10::SCWPlatform:: Platform Path C:/Users/alise/Desktop/VIVADO/PROJECTS/MEMORY_WORK/PS/design_1_wrapper/hw/design_1_wrapper.xsa
TRACE::2023-12-07.18:19:10::SCWPlatform:: Unique name xilinx:nexys4_ddr::0.0
TRACE::2023-12-07.18:19:10::SCWPlatform::Trying to set the existing hwdb with name design_1_wrapper_0
TRACE::2023-12-07.18:19:10::SCWPlatform::Opened existing hwdb design_1_wrapper_0
TRACE::2023-12-07.18:19:10::SCWPlatform::Found the Hw Db part of the input DSA
TRACE::2023-12-07.18:19:10::SCWMssOS::Checking the sw design at  C:/Users/alise/Desktop/VIVADO/PROJECTS/MEMORY_WORK/PS/design_1_wrapper/microblaze_0/domain_microblaze_0/bsp/system.mss
TRACE::2023-12-07.18:19:10::SCWMssOS::DEBUG:  swdes dump  C:/Users/alise/Desktop/VIVADO/PROJECTS/MEMORY_WORK/PS/design_1_wrapper/microblaze_0/domain_microblaze_0/bsp/system.mss|system||

TRACE::2023-12-07.18:19:10::SCWMssOS::Sw design exists and opened at  C:/Users/alise/Desktop/VIVADO/PROJECTS/MEMORY_WORK/PS/design_1_wrapper/microblaze_0/domain_microblaze_0/bsp/system.mss
TRACE::2023-12-07.18:19:10::SCWPlatform::Trying to open the hw design at C:/Users/alise/Desktop/VIVADO/PROJECTS/MEMORY_WORK/PS/design_1_wrapper/hw/design_1_wrapper.xsa
TRACE::2023-12-07.18:19:10::SCWPlatform::DSA given C:/Users/alise/Desktop/VIVADO/PROJECTS/MEMORY_WORK/PS/design_1_wrapper/hw/design_1_wrapper.xsa
TRACE::2023-12-07.18:19:10::SCWPlatform::DSA absoulate path C:/Users/alise/Desktop/VIVADO/PROJECTS/MEMORY_WORK/PS/design_1_wrapper/hw/design_1_wrapper.xsa
TRACE::2023-12-07.18:19:10::SCWPlatform::DSA directory C:/Users/alise/Desktop/VIVADO/PROJECTS/MEMORY_WORK/PS/design_1_wrapper/hw
TRACE::2023-12-07.18:19:10::SCWPlatform:: Platform Path C:/Users/alise/Desktop/VIVADO/PROJECTS/MEMORY_WORK/PS/design_1_wrapper/hw/design_1_wrapper.xsa
TRACE::2023-12-07.18:19:10::SCWPlatform:: Unique name xilinx:nexys4_ddr::0.0
TRACE::2023-12-07.18:19:10::SCWPlatform::Trying to set the existing hwdb with name design_1_wrapper_0
TRACE::2023-12-07.18:19:10::SCWPlatform::Opened existing hwdb design_1_wrapper_0
TRACE::2023-12-07.18:19:10::SCWPlatform::Found the Hw Db part of the input DSA
TRACE::2023-12-07.18:19:10::SCWMssOS::Checking the sw design at  C:/Users/alise/Desktop/VIVADO/PROJECTS/MEMORY_WORK/PS/design_1_wrapper/microblaze_0/domain_microblaze_0/bsp/system.mss
TRACE::2023-12-07.18:19:10::SCWMssOS::DEBUG:  swdes dump  C:/Users/alise/Desktop/VIVADO/PROJECTS/MEMORY_WORK/PS/design_1_wrapper/microblaze_0/domain_microblaze_0/bsp/system.mss|system||

TRACE::2023-12-07.18:19:10::SCWMssOS::Sw design exists and opened at  C:/Users/alise/Desktop/VIVADO/PROJECTS/MEMORY_WORK/PS/design_1_wrapper/microblaze_0/domain_microblaze_0/bsp/system.mss
TRACE::2023-12-07.18:19:10::SCWMssOS::Saving the mss changes C:/Users/alise/Desktop/VIVADO/PROJECTS/MEMORY_WORK/PS/design_1_wrapper/microblaze_0/domain_microblaze_0/bsp/system.mss
TRACE::2023-12-07.18:19:10::SCWMssOS::Found a swdesign opened with the mssfile.
TRACE::2023-12-07.18:19:10::SCWMssOS::Completed writemss as part of save.
TRACE::2023-12-07.18:19:10::SCWMssOS::Commit changes completed.
TRACE::2023-12-07.18:19:10::SCWPlatform::Trying to open the hw design at C:/Users/alise/Desktop/VIVADO/PROJECTS/MEMORY_WORK/PS/design_1_wrapper/hw/design_1_wrapper.xsa
TRACE::2023-12-07.18:19:10::SCWPlatform::DSA given C:/Users/alise/Desktop/VIVADO/PROJECTS/MEMORY_WORK/PS/design_1_wrapper/hw/design_1_wrapper.xsa
TRACE::2023-12-07.18:19:10::SCWPlatform::DSA absoulate path C:/Users/alise/Desktop/VIVADO/PROJECTS/MEMORY_WORK/PS/design_1_wrapper/hw/design_1_wrapper.xsa
TRACE::2023-12-07.18:19:10::SCWPlatform::DSA directory C:/Users/alise/Desktop/VIVADO/PROJECTS/MEMORY_WORK/PS/design_1_wrapper/hw
TRACE::2023-12-07.18:19:10::SCWPlatform:: Platform Path C:/Users/alise/Desktop/VIVADO/PROJECTS/MEMORY_WORK/PS/design_1_wrapper/hw/design_1_wrapper.xsa
TRACE::2023-12-07.18:19:10::SCWPlatform:: Unique name xilinx:nexys4_ddr::0.0
TRACE::2023-12-07.18:19:10::SCWPlatform::Trying to set the existing hwdb with name design_1_wrapper_0
TRACE::2023-12-07.18:19:10::SCWPlatform::Opened existing hwdb design_1_wrapper_0
TRACE::2023-12-07.18:19:10::SCWPlatform::Found the Hw Db part of the input DSA
TRACE::2023-12-07.18:19:10::SCWMssOS::Checking the sw design at  C:/Users/alise/Desktop/VIVADO/PROJECTS/MEMORY_WORK/PS/design_1_wrapper/microblaze_0/domain_microblaze_0/bsp/system.mss
TRACE::2023-12-07.18:19:10::SCWMssOS::DEBUG:  swdes dump  C:/Users/alise/Desktop/VIVADO/PROJECTS/MEMORY_WORK/PS/design_1_wrapper/microblaze_0/domain_microblaze_0/bsp/system.mss|system||

TRACE::2023-12-07.18:19:10::SCWMssOS::Sw design exists and opened at  C:/Users/alise/Desktop/VIVADO/PROJECTS/MEMORY_WORK/PS/design_1_wrapper/microblaze_0/domain_microblaze_0/bsp/system.mss
TRACE::2023-12-07.18:19:10::SCWPlatform::Trying to open the hw design at C:/Users/alise/Desktop/VIVADO/PROJECTS/MEMORY_WORK/PS/design_1_wrapper/hw/design_1_wrapper.xsa
TRACE::2023-12-07.18:19:10::SCWPlatform::DSA given C:/Users/alise/Desktop/VIVADO/PROJECTS/MEMORY_WORK/PS/design_1_wrapper/hw/design_1_wrapper.xsa
TRACE::2023-12-07.18:19:10::SCWPlatform::DSA absoulate path C:/Users/alise/Desktop/VIVADO/PROJECTS/MEMORY_WORK/PS/design_1_wrapper/hw/design_1_wrapper.xsa
TRACE::2023-12-07.18:19:10::SCWPlatform::DSA directory C:/Users/alise/Desktop/VIVADO/PROJECTS/MEMORY_WORK/PS/design_1_wrapper/hw
TRACE::2023-12-07.18:19:10::SCWPlatform:: Platform Path C:/Users/alise/Desktop/VIVADO/PROJECTS/MEMORY_WORK/PS/design_1_wrapper/hw/design_1_wrapper.xsa
TRACE::2023-12-07.18:19:10::SCWPlatform:: Unique name xilinx:nexys4_ddr::0.0
TRACE::2023-12-07.18:19:10::SCWPlatform::Trying to set the existing hwdb with name design_1_wrapper_0
TRACE::2023-12-07.18:19:10::SCWPlatform::Opened existing hwdb design_1_wrapper_0
TRACE::2023-12-07.18:19:10::SCWPlatform::Found the Hw Db part of the input DSA
TRACE::2023-12-07.18:19:10::SCWMssOS::Checking the sw design at  C:/Users/alise/Desktop/VIVADO/PROJECTS/MEMORY_WORK/PS/design_1_wrapper/microblaze_0/domain_microblaze_0/bsp/system.mss
TRACE::2023-12-07.18:19:10::SCWMssOS::DEBUG:  swdes dump  C:/Users/alise/Desktop/VIVADO/PROJECTS/MEMORY_WORK/PS/design_1_wrapper/microblaze_0/domain_microblaze_0/bsp/system.mss|system||

TRACE::2023-12-07.18:19:10::SCWMssOS::Sw design exists and opened at  C:/Users/alise/Desktop/VIVADO/PROJECTS/MEMORY_WORK/PS/design_1_wrapper/microblaze_0/domain_microblaze_0/bsp/system.mss
TRACE::2023-12-07.18:19:10::SCWPlatform::Trying to open the hw design at C:/Users/alise/Desktop/VIVADO/PROJECTS/MEMORY_WORK/PS/design_1_wrapper/hw/design_1_wrapper.xsa
TRACE::2023-12-07.18:19:10::SCWPlatform::DSA given C:/Users/alise/Desktop/VIVADO/PROJECTS/MEMORY_WORK/PS/design_1_wrapper/hw/design_1_wrapper.xsa
TRACE::2023-12-07.18:19:10::SCWPlatform::DSA absoulate path C:/Users/alise/Desktop/VIVADO/PROJECTS/MEMORY_WORK/PS/design_1_wrapper/hw/design_1_wrapper.xsa
TRACE::2023-12-07.18:19:10::SCWPlatform::DSA directory C:/Users/alise/Desktop/VIVADO/PROJECTS/MEMORY_WORK/PS/design_1_wrapper/hw
TRACE::2023-12-07.18:19:10::SCWPlatform:: Platform Path C:/Users/alise/Desktop/VIVADO/PROJECTS/MEMORY_WORK/PS/design_1_wrapper/hw/design_1_wrapper.xsa
TRACE::2023-12-07.18:19:10::SCWPlatform:: Unique name xilinx:nexys4_ddr::0.0
TRACE::2023-12-07.18:19:10::SCWPlatform::Trying to set the existing hwdb with name design_1_wrapper_0
TRACE::2023-12-07.18:19:10::SCWPlatform::Opened existing hwdb design_1_wrapper_0
TRACE::2023-12-07.18:19:10::SCWPlatform::Found the Hw Db part of the input DSA
TRACE::2023-12-07.18:19:10::SCWMssOS::Checking the sw design at  C:/Users/alise/Desktop/VIVADO/PROJECTS/MEMORY_WORK/PS/design_1_wrapper/microblaze_0/domain_microblaze_0/bsp/system.mss
TRACE::2023-12-07.18:19:10::SCWMssOS::DEBUG:  swdes dump  C:/Users/alise/Desktop/VIVADO/PROJECTS/MEMORY_WORK/PS/design_1_wrapper/microblaze_0/domain_microblaze_0/bsp/system.mss|system||

TRACE::2023-12-07.18:19:10::SCWMssOS::Sw design exists and opened at  C:/Users/alise/Desktop/VIVADO/PROJECTS/MEMORY_WORK/PS/design_1_wrapper/microblaze_0/domain_microblaze_0/bsp/system.mss
TRACE::2023-12-07.18:19:10::SCWWriter::formatted JSON is {
	"platformName":	"design_1_wrapper",
	"sprVersion":	"2.0",
	"mode":	"gui",
	"dsaType":	"Fixed",
	"platformDesc":	"design_1_wrapper",
	"platHandOff":	"C:/Users/alise/Desktop/VIVADO/PROJECTS/MEMORY_WORK/design_1_wrapper.xsa",
	"platIntHandOff":	"<platformDir>/hw/design_1_wrapper.xsa",
	"deviceType":	"FPGA",
	"platIsPrebuiltAutogen":	"false",
	"platIsNoBootBsp":	"false",
	"hasFsblMakeHasChanges":	"false",
	"hasPmufwMakeHasChanges":	"false",
	"platPreBuiltFlag":	false,
	"platformSamplesDir":	"",
	"platActiveSys":	"design_1_wrapper",
	"systems":	[{
			"systemName":	"design_1_wrapper",
			"systemDesc":	"design_1_wrapper",
			"sysIsBootAutoGen":	"true",
			"systemDispName":	"design_1_wrapper",
			"sysActiveDom":	"domain_microblaze_0",
			"sysDefaultDom":	"domain_microblaze_0",
			"domains":	[{
					"domainName":	"domain_microblaze_0",
					"domainDispName":	"domain_microblaze_0",
					"domainDesc":	"domain_microblaze_0",
					"processors":	"microblaze_0",
					"os":	"standalone",
					"sdxOs":	"standalone",
					"debugEnable":	"False",
					"domRuntimes":	["cpp"],
					"swRepo":	"",
					"mssOsVer":	"7.2",
					"mssFile":	"",
					"md5Digest":	"f00ac804c6735db9693f7dc2217ae864",
					"compatibleApp":	"hello_world",
					"domType":	"mssDomain",
					"arch":	"32-bit",
					"appSettings":	{
						"appCompilerFlags":	"",
						"appLinkerFlags":	""
					},
					"addedLibs":	[],
					"libOptions":	{
						"libsContainingOptions":	[]
					},
					"prebuiltLibs":	{
						"prebuiltIncPath":	[],
						"prebuiltLibPath":	[]
					},
					"isolation":	{
					}
				}]
		}]
}
LOG::2023-12-07.18:19:10::SCWPlatform::Started generating the artifacts platform design_1_wrapper
TRACE::2023-12-07.18:19:10::SCWPlatform::Sanity checking of platform is completed
LOG::2023-12-07.18:19:10::SCWPlatform::Started generating the artifacts for system configuration design_1_wrapper
LOG::2023-12-07.18:19:10::SCWSystem::Started Processing the domain domain_microblaze_0
TRACE::2023-12-07.18:19:10::SCWDomain::Generating domain artifcats
TRACE::2023-12-07.18:19:10::SCWMssOS::Generating standalone artifcats
TRACE::2023-12-07.18:19:10::SCWMssOS:: Copying the user libraries. 
TRACE::2023-12-07.18:19:10::SCWPlatform::Trying to open the hw design at C:/Users/alise/Desktop/VIVADO/PROJECTS/MEMORY_WORK/PS/design_1_wrapper/hw/design_1_wrapper.xsa
TRACE::2023-12-07.18:19:10::SCWPlatform::DSA given C:/Users/alise/Desktop/VIVADO/PROJECTS/MEMORY_WORK/PS/design_1_wrapper/hw/design_1_wrapper.xsa
TRACE::2023-12-07.18:19:10::SCWPlatform::DSA absoulate path C:/Users/alise/Desktop/VIVADO/PROJECTS/MEMORY_WORK/PS/design_1_wrapper/hw/design_1_wrapper.xsa
TRACE::2023-12-07.18:19:10::SCWPlatform::DSA directory C:/Users/alise/Desktop/VIVADO/PROJECTS/MEMORY_WORK/PS/design_1_wrapper/hw
TRACE::2023-12-07.18:19:10::SCWPlatform:: Platform Path C:/Users/alise/Desktop/VIVADO/PROJECTS/MEMORY_WORK/PS/design_1_wrapper/hw/design_1_wrapper.xsa
TRACE::2023-12-07.18:19:10::SCWPlatform:: Unique name xilinx:nexys4_ddr::0.0
TRACE::2023-12-07.18:19:10::SCWPlatform::Trying to set the existing hwdb with name design_1_wrapper_0
TRACE::2023-12-07.18:19:10::SCWPlatform::Opened existing hwdb design_1_wrapper_0
TRACE::2023-12-07.18:19:10::SCWPlatform::Found the Hw Db part of the input DSA
TRACE::2023-12-07.18:19:10::SCWMssOS::Checking the sw design at  C:/Users/alise/Desktop/VIVADO/PROJECTS/MEMORY_WORK/PS/design_1_wrapper/microblaze_0/domain_microblaze_0/bsp/system.mss
TRACE::2023-12-07.18:19:10::SCWMssOS::DEBUG:  swdes dump  C:/Users/alise/Desktop/VIVADO/PROJECTS/MEMORY_WORK/PS/design_1_wrapper/microblaze_0/domain_microblaze_0/bsp/system.mss|system||

TRACE::2023-12-07.18:19:10::SCWMssOS::Sw design exists and opened at  C:/Users/alise/Desktop/VIVADO/PROJECTS/MEMORY_WORK/PS/design_1_wrapper/microblaze_0/domain_microblaze_0/bsp/system.mss
TRACE::2023-12-07.18:19:10::SCWMssOS::Completed writing the mss file at C:/Users/alise/Desktop/VIVADO/PROJECTS/MEMORY_WORK/PS/design_1_wrapper/microblaze_0/domain_microblaze_0/bsp
TRACE::2023-12-07.18:19:10::SCWMssOS::Mss edits present, copying mssfile into export location C:/Users/alise/Desktop/VIVADO/PROJECTS/MEMORY_WORK/PS/design_1_wrapper/microblaze_0/domain_microblaze_0/bsp/system.mss
TRACE::2023-12-07.18:19:10::SCWMssOS::bsp generated is upto date with the mss file. Skipping bsp generation.
TRACE::2023-12-07.18:19:10::SCWMssOS::BSP is already built. skipping the bsp build ... 
TRACE::2023-12-07.18:19:10::SCWDomain::Building the domain as part of full build :  domain_microblaze_0
TRACE::2023-12-07.18:19:10::SCWMssOS::skipping the bsp build ... 
TRACE::2023-12-07.18:19:10::SCWMssOS::Copying to export directory.
TRACE::2023-12-07.18:19:10::SCWMssOS:: Checking if to create the Supporting Applications
TRACE::2023-12-07.18:19:10::SCWMssOS:: No Linux domain exists, trying to generate FSBL 
LOG::2023-12-07.18:19:10::SCWSystem::Completed Processing the domain domain_microblaze_0
LOG::2023-12-07.18:19:10::SCWSystem::Completed Processing the sysconfig design_1_wrapper
LOG::2023-12-07.18:19:10::SCWPlatform::Completed generating the artifacts for system configuration design_1_wrapper
TRACE::2023-12-07.18:19:10::SCWPlatform::Started preparing the platform 
TRACE::2023-12-07.18:19:10::SCWSystem::Writing the bif file for system config design_1_wrapper
TRACE::2023-12-07.18:19:10::SCWSystem::dir created 
TRACE::2023-12-07.18:19:10::SCWSystem::Writing the bif 
TRACE::2023-12-07.18:19:10::SCWPlatform::Started writing the spfm file 
TRACE::2023-12-07.18:19:10::SCWPlatform::Started writing the xpfm file 
TRACE::2023-12-07.18:19:10::SCWPlatform::Completed generating the platform
TRACE::2023-12-07.18:19:10::SCWMssOS::Saving the mss changes C:/Users/alise/Desktop/VIVADO/PROJECTS/MEMORY_WORK/PS/design_1_wrapper/microblaze_0/domain_microblaze_0/bsp/system.mss
TRACE::2023-12-07.18:19:10::SCWMssOS::Found a swdesign opened with the mssfile.
TRACE::2023-12-07.18:19:10::SCWMssOS::Completed writemss as part of save.
TRACE::2023-12-07.18:19:10::SCWMssOS::Commit changes completed.
TRACE::2023-12-07.18:19:10::SCWPlatform::Trying to open the hw design at C:/Users/alise/Desktop/VIVADO/PROJECTS/MEMORY_WORK/PS/design_1_wrapper/hw/design_1_wrapper.xsa
TRACE::2023-12-07.18:19:10::SCWPlatform::DSA given C:/Users/alise/Desktop/VIVADO/PROJECTS/MEMORY_WORK/PS/design_1_wrapper/hw/design_1_wrapper.xsa
TRACE::2023-12-07.18:19:10::SCWPlatform::DSA absoulate path C:/Users/alise/Desktop/VIVADO/PROJECTS/MEMORY_WORK/PS/design_1_wrapper/hw/design_1_wrapper.xsa
TRACE::2023-12-07.18:19:10::SCWPlatform::DSA directory C:/Users/alise/Desktop/VIVADO/PROJECTS/MEMORY_WORK/PS/design_1_wrapper/hw
TRACE::2023-12-07.18:19:10::SCWPlatform:: Platform Path C:/Users/alise/Desktop/VIVADO/PROJECTS/MEMORY_WORK/PS/design_1_wrapper/hw/design_1_wrapper.xsa
TRACE::2023-12-07.18:19:10::SCWPlatform:: Unique name xilinx:nexys4_ddr::0.0
TRACE::2023-12-07.18:19:10::SCWPlatform::Trying to set the existing hwdb with name design_1_wrapper_0
TRACE::2023-12-07.18:19:10::SCWPlatform::Opened existing hwdb design_1_wrapper_0
TRACE::2023-12-07.18:19:10::SCWPlatform::Found the Hw Db part of the input DSA
TRACE::2023-12-07.18:19:10::SCWMssOS::Checking the sw design at  C:/Users/alise/Desktop/VIVADO/PROJECTS/MEMORY_WORK/PS/design_1_wrapper/microblaze_0/domain_microblaze_0/bsp/system.mss
TRACE::2023-12-07.18:19:10::SCWMssOS::DEBUG:  swdes dump  C:/Users/alise/Desktop/VIVADO/PROJECTS/MEMORY_WORK/PS/design_1_wrapper/microblaze_0/domain_microblaze_0/bsp/system.mss|system||

TRACE::2023-12-07.18:19:10::SCWMssOS::Sw design exists and opened at  C:/Users/alise/Desktop/VIVADO/PROJECTS/MEMORY_WORK/PS/design_1_wrapper/microblaze_0/domain_microblaze_0/bsp/system.mss
TRACE::2023-12-07.18:19:10::SCWPlatform::Trying to open the hw design at C:/Users/alise/Desktop/VIVADO/PROJECTS/MEMORY_WORK/PS/design_1_wrapper/hw/design_1_wrapper.xsa
TRACE::2023-12-07.18:19:10::SCWPlatform::DSA given C:/Users/alise/Desktop/VIVADO/PROJECTS/MEMORY_WORK/PS/design_1_wrapper/hw/design_1_wrapper.xsa
TRACE::2023-12-07.18:19:10::SCWPlatform::DSA absoulate path C:/Users/alise/Desktop/VIVADO/PROJECTS/MEMORY_WORK/PS/design_1_wrapper/hw/design_1_wrapper.xsa
TRACE::2023-12-07.18:19:10::SCWPlatform::DSA directory C:/Users/alise/Desktop/VIVADO/PROJECTS/MEMORY_WORK/PS/design_1_wrapper/hw
TRACE::2023-12-07.18:19:10::SCWPlatform:: Platform Path C:/Users/alise/Desktop/VIVADO/PROJECTS/MEMORY_WORK/PS/design_1_wrapper/hw/design_1_wrapper.xsa
TRACE::2023-12-07.18:19:10::SCWPlatform:: Unique name xilinx:nexys4_ddr::0.0
TRACE::2023-12-07.18:19:10::SCWPlatform::Trying to set the existing hwdb with name design_1_wrapper_0
TRACE::2023-12-07.18:19:10::SCWPlatform::Opened existing hwdb design_1_wrapper_0
TRACE::2023-12-07.18:19:10::SCWPlatform::Found the Hw Db part of the input DSA
TRACE::2023-12-07.18:19:10::SCWMssOS::Checking the sw design at  C:/Users/alise/Desktop/VIVADO/PROJECTS/MEMORY_WORK/PS/design_1_wrapper/microblaze_0/domain_microblaze_0/bsp/system.mss
TRACE::2023-12-07.18:19:10::SCWMssOS::DEBUG:  swdes dump  C:/Users/alise/Desktop/VIVADO/PROJECTS/MEMORY_WORK/PS/design_1_wrapper/microblaze_0/domain_microblaze_0/bsp/system.mss|system||

TRACE::2023-12-07.18:19:10::SCWMssOS::Sw design exists and opened at  C:/Users/alise/Desktop/VIVADO/PROJECTS/MEMORY_WORK/PS/design_1_wrapper/microblaze_0/domain_microblaze_0/bsp/system.mss
TRACE::2023-12-07.18:19:10::SCWPlatform::Trying to open the hw design at C:/Users/alise/Desktop/VIVADO/PROJECTS/MEMORY_WORK/PS/design_1_wrapper/hw/design_1_wrapper.xsa
TRACE::2023-12-07.18:19:10::SCWPlatform::DSA given C:/Users/alise/Desktop/VIVADO/PROJECTS/MEMORY_WORK/PS/design_1_wrapper/hw/design_1_wrapper.xsa
TRACE::2023-12-07.18:19:10::SCWPlatform::DSA absoulate path C:/Users/alise/Desktop/VIVADO/PROJECTS/MEMORY_WORK/PS/design_1_wrapper/hw/design_1_wrapper.xsa
TRACE::2023-12-07.18:19:10::SCWPlatform::DSA directory C:/Users/alise/Desktop/VIVADO/PROJECTS/MEMORY_WORK/PS/design_1_wrapper/hw
TRACE::2023-12-07.18:19:10::SCWPlatform:: Platform Path C:/Users/alise/Desktop/VIVADO/PROJECTS/MEMORY_WORK/PS/design_1_wrapper/hw/design_1_wrapper.xsa
TRACE::2023-12-07.18:19:10::SCWPlatform:: Unique name xilinx:nexys4_ddr::0.0
TRACE::2023-12-07.18:19:10::SCWPlatform::Trying to set the existing hwdb with name design_1_wrapper_0
TRACE::2023-12-07.18:19:10::SCWPlatform::Opened existing hwdb design_1_wrapper_0
TRACE::2023-12-07.18:19:10::SCWPlatform::Found the Hw Db part of the input DSA
TRACE::2023-12-07.18:19:10::SCWMssOS::Checking the sw design at  C:/Users/alise/Desktop/VIVADO/PROJECTS/MEMORY_WORK/PS/design_1_wrapper/microblaze_0/domain_microblaze_0/bsp/system.mss
TRACE::2023-12-07.18:19:10::SCWMssOS::DEBUG:  swdes dump  C:/Users/alise/Desktop/VIVADO/PROJECTS/MEMORY_WORK/PS/design_1_wrapper/microblaze_0/domain_microblaze_0/bsp/system.mss|system||

TRACE::2023-12-07.18:19:10::SCWMssOS::Sw design exists and opened at  C:/Users/alise/Desktop/VIVADO/PROJECTS/MEMORY_WORK/PS/design_1_wrapper/microblaze_0/domain_microblaze_0/bsp/system.mss
TRACE::2023-12-07.18:19:10::SCWWriter::formatted JSON is {
	"platformName":	"design_1_wrapper",
	"sprVersion":	"2.0",
	"mode":	"gui",
	"dsaType":	"Fixed",
	"platformDesc":	"design_1_wrapper",
	"platHandOff":	"C:/Users/alise/Desktop/VIVADO/PROJECTS/MEMORY_WORK/design_1_wrapper.xsa",
	"platIntHandOff":	"<platformDir>/hw/design_1_wrapper.xsa",
	"deviceType":	"FPGA",
	"platIsPrebuiltAutogen":	"false",
	"platIsNoBootBsp":	"false",
	"hasFsblMakeHasChanges":	"false",
	"hasPmufwMakeHasChanges":	"false",
	"platPreBuiltFlag":	false,
	"platformSamplesDir":	"",
	"platActiveSys":	"design_1_wrapper",
	"systems":	[{
			"systemName":	"design_1_wrapper",
			"systemDesc":	"design_1_wrapper",
			"sysIsBootAutoGen":	"true",
			"systemDispName":	"design_1_wrapper",
			"sysActiveDom":	"domain_microblaze_0",
			"sysDefaultDom":	"domain_microblaze_0",
			"domains":	[{
					"domainName":	"domain_microblaze_0",
					"domainDispName":	"domain_microblaze_0",
					"domainDesc":	"domain_microblaze_0",
					"processors":	"microblaze_0",
					"os":	"standalone",
					"sdxOs":	"standalone",
					"debugEnable":	"False",
					"domRuntimes":	["cpp"],
					"swRepo":	"",
					"mssOsVer":	"7.2",
					"mssFile":	"",
					"md5Digest":	"f00ac804c6735db9693f7dc2217ae864",
					"compatibleApp":	"hello_world",
					"domType":	"mssDomain",
					"arch":	"32-bit",
					"appSettings":	{
						"appCompilerFlags":	"",
						"appLinkerFlags":	""
					},
					"addedLibs":	[],
					"libOptions":	{
						"libsContainingOptions":	[]
					},
					"prebuiltLibs":	{
						"prebuiltIncPath":	[],
						"prebuiltLibPath":	[]
					},
					"isolation":	{
					}
				}]
		}]
}
KEYINFO::2023-12-07.18:19:10::SCWPlatform::updated the xpfm file.
LOG::2023-12-07.18:19:55::SCWPlatform::Started generating the artifacts platform design_1_wrapper
TRACE::2023-12-07.18:19:55::SCWPlatform::Sanity checking of platform is completed
LOG::2023-12-07.18:19:55::SCWPlatform::Started generating the artifacts for system configuration design_1_wrapper
LOG::2023-12-07.18:19:55::SCWSystem::Checking the domain domain_microblaze_0
LOG::2023-12-07.18:19:55::SCWSystem::Not a boot domain 
LOG::2023-12-07.18:19:55::SCWSystem::Started Processing the domain domain_microblaze_0
TRACE::2023-12-07.18:19:55::SCWDomain::Generating domain artifcats
TRACE::2023-12-07.18:19:55::SCWMssOS::Generating standalone artifcats
TRACE::2023-12-07.18:19:55::SCWMssOS:: Copying the user libraries. 
TRACE::2023-12-07.18:19:55::SCWPlatform::Trying to open the hw design at C:/Users/alise/Desktop/VIVADO/PROJECTS/MEMORY_WORK/PS/design_1_wrapper/hw/design_1_wrapper.xsa
TRACE::2023-12-07.18:19:55::SCWPlatform::DSA given C:/Users/alise/Desktop/VIVADO/PROJECTS/MEMORY_WORK/PS/design_1_wrapper/hw/design_1_wrapper.xsa
TRACE::2023-12-07.18:19:55::SCWPlatform::DSA absoulate path C:/Users/alise/Desktop/VIVADO/PROJECTS/MEMORY_WORK/PS/design_1_wrapper/hw/design_1_wrapper.xsa
TRACE::2023-12-07.18:19:55::SCWPlatform::DSA directory C:/Users/alise/Desktop/VIVADO/PROJECTS/MEMORY_WORK/PS/design_1_wrapper/hw
TRACE::2023-12-07.18:19:55::SCWPlatform:: Platform Path C:/Users/alise/Desktop/VIVADO/PROJECTS/MEMORY_WORK/PS/design_1_wrapper/hw/design_1_wrapper.xsa
TRACE::2023-12-07.18:19:55::SCWPlatform:: Unique name xilinx:nexys4_ddr::0.0
TRACE::2023-12-07.18:19:55::SCWPlatform::Trying to set the existing hwdb with name design_1_wrapper_0
TRACE::2023-12-07.18:19:55::SCWPlatform::Opened existing hwdb design_1_wrapper_0
TRACE::2023-12-07.18:19:55::SCWPlatform::Found the Hw Db part of the input DSA
TRACE::2023-12-07.18:19:55::SCWMssOS::Checking the sw design at  C:/Users/alise/Desktop/VIVADO/PROJECTS/MEMORY_WORK/PS/design_1_wrapper/microblaze_0/domain_microblaze_0/bsp/system.mss
TRACE::2023-12-07.18:19:55::SCWMssOS::DEBUG:  swdes dump  C:/Users/alise/Desktop/VIVADO/PROJECTS/MEMORY_WORK/PS/design_1_wrapper/microblaze_0/domain_microblaze_0/bsp/system.mss|system||

TRACE::2023-12-07.18:19:55::SCWMssOS::Sw design exists and opened at  C:/Users/alise/Desktop/VIVADO/PROJECTS/MEMORY_WORK/PS/design_1_wrapper/microblaze_0/domain_microblaze_0/bsp/system.mss
TRACE::2023-12-07.18:19:55::SCWMssOS::Completed writing the mss file at C:/Users/alise/Desktop/VIVADO/PROJECTS/MEMORY_WORK/PS/design_1_wrapper/microblaze_0/domain_microblaze_0/bsp
TRACE::2023-12-07.18:19:55::SCWMssOS::Mss edits present, copying mssfile into export location C:/Users/alise/Desktop/VIVADO/PROJECTS/MEMORY_WORK/PS/design_1_wrapper/microblaze_0/domain_microblaze_0/bsp/system.mss
TRACE::2023-12-07.18:19:55::SCWMssOS::bsp generated is upto date with the mss file. Skipping bsp generation.
TRACE::2023-12-07.18:19:55::SCWMssOS::BSP is already built. skipping the bsp build ... 
TRACE::2023-12-07.18:19:55::SCWDomain::Building the domain as part of full build :  domain_microblaze_0
TRACE::2023-12-07.18:19:55::SCWMssOS::doing bsp build ... 
TRACE::2023-12-07.18:19:55::SCWMssOS::System Command Ran  C: & cd  C:/Users/alise/Desktop/VIVADO/PROJECTS/MEMORY_WORK/PS/design_1_wrapper/microblaze_0/domain_microblaze_0/bsp & make 
TRACE::2023-12-07.18:19:55::SCWMssOS::"Running Make include in microblaze_0/libsrc/bram_v4_4/src"

TRACE::2023-12-07.18:19:55::SCWMssOS::make -C microblaze_0/libsrc/bram_v4_4/src -s include  "SHELL=CMD" "COMPILER=mb-gcc" "ASSEMBLER=mb-as" "ARCHIVER=mb-ar" "COMPILE
TRACE::2023-12-07.18:19:55::SCWMssOS::R_FLAGS=  -O2 -c -mcpu=v11.0 -mlittle-endian -mxl-soft-mul" "EXTRA_COMPILER_FLAGS=-g -ffunction-sections -fdata-sections -Wall 
TRACE::2023-12-07.18:19:55::SCWMssOS::-Wextra"

TRACE::2023-12-07.18:19:55::SCWMssOS::"Running Make include in microblaze_0/libsrc/cpu_v2_11/src"

TRACE::2023-12-07.18:19:55::SCWMssOS::make -C microblaze_0/libsrc/cpu_v2_11/src -s include  "SHELL=CMD" "COMPILER=mb-gcc" "ASSEMBLER=mb-as" "ARCHIVER=mb-ar" "COMPILE
TRACE::2023-12-07.18:19:55::SCWMssOS::R_FLAGS=  -O2 -c -mcpu=v11.0 -mlittle-endian -mxl-soft-mul" "EXTRA_COMPILER_FLAGS=-g -ffunction-sections -fdata-sections -Wall 
TRACE::2023-12-07.18:19:55::SCWMssOS::-Wextra"

TRACE::2023-12-07.18:19:55::SCWMssOS::"Running Make include in microblaze_0/libsrc/intc_v3_11/src"

TRACE::2023-12-07.18:19:55::SCWMssOS::make -C microblaze_0/libsrc/intc_v3_11/src -s include  "SHELL=CMD" "COMPILER=mb-gcc" "ASSEMBLER=mb-as" "ARCHIVER=mb-ar" "COMPIL
TRACE::2023-12-07.18:19:55::SCWMssOS::ER_FLAGS=  -O2 -c -mcpu=v11.0 -mlittle-endian -mxl-soft-mul" "EXTRA_COMPILER_FLAGS=-g -ffunction-sections -fdata-sections -Wall
TRACE::2023-12-07.18:19:55::SCWMssOS:: -Wextra"

TRACE::2023-12-07.18:19:56::SCWMssOS::"Running Make include in microblaze_0/libsrc/standalone_v7_2/src"

TRACE::2023-12-07.18:19:56::SCWMssOS::make -C microblaze_0/libsrc/standalone_v7_2/src -s include  "SHELL=CMD" "COMPILER=mb-gcc" "ASSEMBLER=mb-as" "ARCHIVER=mb-ar" "C
TRACE::2023-12-07.18:19:56::SCWMssOS::OMPILER_FLAGS=  -O2 -c -mcpu=v11.0 -mlittle-endian -mxl-soft-mul" "EXTRA_COMPILER_FLAGS=-g -ffunction-sections -fdata-sections 
TRACE::2023-12-07.18:19:56::SCWMssOS::-Wall -Wextra"

TRACE::2023-12-07.18:19:56::SCWMssOS::"Running Make include in microblaze_0/libsrc/uartlite_v3_4/src"

TRACE::2023-12-07.18:19:56::SCWMssOS::make -C microblaze_0/libsrc/uartlite_v3_4/src -s include  "SHELL=CMD" "COMPILER=mb-gcc" "ASSEMBLER=mb-as" "ARCHIVER=mb-ar" "COM
TRACE::2023-12-07.18:19:56::SCWMssOS::PILER_FLAGS=  -O2 -c -mcpu=v11.0 -mlittle-endian -mxl-soft-mul" "EXTRA_COMPILER_FLAGS=-g -ffunction-sections -fdata-sections -W
TRACE::2023-12-07.18:19:56::SCWMssOS::all -Wextra"

TRACE::2023-12-07.18:19:56::SCWMssOS::"Running Make libs in microblaze_0/libsrc/bram_v4_4/src"

TRACE::2023-12-07.18:19:56::SCWMssOS::make -C microblaze_0/libsrc/bram_v4_4/src -s libs  "SHELL=CMD" "COMPILER=mb-gcc" "ASSEMBLER=mb-as" "ARCHIVER=mb-ar" "COMPILER_F
TRACE::2023-12-07.18:19:56::SCWMssOS::LAGS=  -O2 -c -mcpu=v11.0 -mlittle-endian -mxl-soft-mul" "EXTRA_COMPILER_FLAGS=-g -ffunction-sections -fdata-sections -Wall -We
TRACE::2023-12-07.18:19:56::SCWMssOS::xtra"

TRACE::2023-12-07.18:19:56::SCWMssOS::"Compiling bram"

TRACE::2023-12-07.18:19:57::SCWMssOS::"Running Make libs in microblaze_0/libsrc/cpu_v2_11/src"

TRACE::2023-12-07.18:19:57::SCWMssOS::make -C microblaze_0/libsrc/cpu_v2_11/src -s libs  "SHELL=CMD" "COMPILER=mb-gcc" "ASSEMBLER=mb-as" "ARCHIVER=mb-ar" "COMPILER_F
TRACE::2023-12-07.18:19:57::SCWMssOS::LAGS=  -O2 -c -mcpu=v11.0 -mlittle-endian -mxl-soft-mul" "EXTRA_COMPILER_FLAGS=-g -ffunction-sections -fdata-sections -Wall -We
TRACE::2023-12-07.18:19:57::SCWMssOS::xtra"

TRACE::2023-12-07.18:19:57::SCWMssOS::"Compiling cpu"

TRACE::2023-12-07.18:19:57::SCWMssOS::"Running Make libs in microblaze_0/libsrc/intc_v3_11/src"

TRACE::2023-12-07.18:19:57::SCWMssOS::make -C microblaze_0/libsrc/intc_v3_11/src -s libs  "SHELL=CMD" "COMPILER=mb-gcc" "ASSEMBLER=mb-as" "ARCHIVER=mb-ar" "COMPILER_
TRACE::2023-12-07.18:19:57::SCWMssOS::FLAGS=  -O2 -c -mcpu=v11.0 -mlittle-endian -mxl-soft-mul" "EXTRA_COMPILER_FLAGS=-g -ffunction-sections -fdata-sections -Wall -W
TRACE::2023-12-07.18:19:57::SCWMssOS::extra"

TRACE::2023-12-07.18:19:57::SCWMssOS::"Compiling intc"

TRACE::2023-12-07.18:19:58::SCWMssOS::"Running Make libs in microblaze_0/libsrc/standalone_v7_2/src"

TRACE::2023-12-07.18:19:58::SCWMssOS::make -C microblaze_0/libsrc/standalone_v7_2/src -s libs  "SHELL=CMD" "COMPILER=mb-gcc" "ASSEMBLER=mb-as" "ARCHIVER=mb-ar" "COMP
TRACE::2023-12-07.18:19:58::SCWMssOS::ILER_FLAGS=  -O2 -c -mcpu=v11.0 -mlittle-endian -mxl-soft-mul" "EXTRA_COMPILER_FLAGS=-g -ffunction-sections -fdata-sections -Wa
TRACE::2023-12-07.18:19:58::SCWMssOS::ll -Wextra"

TRACE::2023-12-07.18:19:58::SCWMssOS::"Compiling standalone";

TRACE::2023-12-07.18:20:02::SCWMssOS::"Running Make libs in microblaze_0/libsrc/uartlite_v3_4/src"

TRACE::2023-12-07.18:20:02::SCWMssOS::make -C microblaze_0/libsrc/uartlite_v3_4/src -s libs  "SHELL=CMD" "COMPILER=mb-gcc" "ASSEMBLER=mb-as" "ARCHIVER=mb-ar" "COMPIL
TRACE::2023-12-07.18:20:02::SCWMssOS::ER_FLAGS=  -O2 -c -mcpu=v11.0 -mlittle-endian -mxl-soft-mul" "EXTRA_COMPILER_FLAGS=-g -ffunction-sections -fdata-sections -Wall
TRACE::2023-12-07.18:20:02::SCWMssOS:: -Wextra"

TRACE::2023-12-07.18:20:02::SCWMssOS::"Compiling uartlite"

TRACE::2023-12-07.18:20:03::SCWMssOS::'Finished building libraries'

TRACE::2023-12-07.18:20:03::SCWMssOS::Copying to export directory.
TRACE::2023-12-07.18:20:03::SCWMssOS:: Checking if to create the Supporting Applications
TRACE::2023-12-07.18:20:03::SCWMssOS:: No Linux domain exists, trying to generate FSBL 
LOG::2023-12-07.18:20:03::SCWSystem::Completed Processing the domain domain_microblaze_0
LOG::2023-12-07.18:20:03::SCWSystem::Completed Processing the sysconfig design_1_wrapper
LOG::2023-12-07.18:20:03::SCWPlatform::Completed generating the artifacts for system configuration design_1_wrapper
TRACE::2023-12-07.18:20:03::SCWPlatform::Started preparing the platform 
TRACE::2023-12-07.18:20:03::SCWSystem::Writing the bif file for system config design_1_wrapper
TRACE::2023-12-07.18:20:03::SCWSystem::dir created 
TRACE::2023-12-07.18:20:03::SCWSystem::Writing the bif 
TRACE::2023-12-07.18:20:03::SCWPlatform::Started writing the spfm file 
TRACE::2023-12-07.18:20:03::SCWPlatform::Started writing the xpfm file 
TRACE::2023-12-07.18:20:03::SCWPlatform::Completed generating the platform
TRACE::2023-12-07.18:20:03::SCWMssOS::Saving the mss changes C:/Users/alise/Desktop/VIVADO/PROJECTS/MEMORY_WORK/PS/design_1_wrapper/microblaze_0/domain_microblaze_0/bsp/system.mss
TRACE::2023-12-07.18:20:03::SCWMssOS::Found a swdesign opened with the mssfile.
TRACE::2023-12-07.18:20:03::SCWMssOS::Completed writemss as part of save.
TRACE::2023-12-07.18:20:03::SCWMssOS::Commit changes completed.
TRACE::2023-12-07.18:20:03::SCWPlatform::Trying to open the hw design at C:/Users/alise/Desktop/VIVADO/PROJECTS/MEMORY_WORK/PS/design_1_wrapper/hw/design_1_wrapper.xsa
TRACE::2023-12-07.18:20:03::SCWPlatform::DSA given C:/Users/alise/Desktop/VIVADO/PROJECTS/MEMORY_WORK/PS/design_1_wrapper/hw/design_1_wrapper.xsa
TRACE::2023-12-07.18:20:03::SCWPlatform::DSA absoulate path C:/Users/alise/Desktop/VIVADO/PROJECTS/MEMORY_WORK/PS/design_1_wrapper/hw/design_1_wrapper.xsa
TRACE::2023-12-07.18:20:03::SCWPlatform::DSA directory C:/Users/alise/Desktop/VIVADO/PROJECTS/MEMORY_WORK/PS/design_1_wrapper/hw
TRACE::2023-12-07.18:20:03::SCWPlatform:: Platform Path C:/Users/alise/Desktop/VIVADO/PROJECTS/MEMORY_WORK/PS/design_1_wrapper/hw/design_1_wrapper.xsa
TRACE::2023-12-07.18:20:03::SCWPlatform:: Unique name xilinx:nexys4_ddr::0.0
TRACE::2023-12-07.18:20:03::SCWPlatform::Trying to set the existing hwdb with name design_1_wrapper_0
TRACE::2023-12-07.18:20:03::SCWPlatform::Opened existing hwdb design_1_wrapper_0
TRACE::2023-12-07.18:20:03::SCWPlatform::Found the Hw Db part of the input DSA
TRACE::2023-12-07.18:20:03::SCWMssOS::Checking the sw design at  C:/Users/alise/Desktop/VIVADO/PROJECTS/MEMORY_WORK/PS/design_1_wrapper/microblaze_0/domain_microblaze_0/bsp/system.mss
TRACE::2023-12-07.18:20:03::SCWMssOS::DEBUG:  swdes dump  C:/Users/alise/Desktop/VIVADO/PROJECTS/MEMORY_WORK/PS/design_1_wrapper/microblaze_0/domain_microblaze_0/bsp/system.mss|system||

TRACE::2023-12-07.18:20:03::SCWMssOS::Sw design exists and opened at  C:/Users/alise/Desktop/VIVADO/PROJECTS/MEMORY_WORK/PS/design_1_wrapper/microblaze_0/domain_microblaze_0/bsp/system.mss
TRACE::2023-12-07.18:20:03::SCWPlatform::Trying to open the hw design at C:/Users/alise/Desktop/VIVADO/PROJECTS/MEMORY_WORK/PS/design_1_wrapper/hw/design_1_wrapper.xsa
TRACE::2023-12-07.18:20:03::SCWPlatform::DSA given C:/Users/alise/Desktop/VIVADO/PROJECTS/MEMORY_WORK/PS/design_1_wrapper/hw/design_1_wrapper.xsa
TRACE::2023-12-07.18:20:03::SCWPlatform::DSA absoulate path C:/Users/alise/Desktop/VIVADO/PROJECTS/MEMORY_WORK/PS/design_1_wrapper/hw/design_1_wrapper.xsa
TRACE::2023-12-07.18:20:03::SCWPlatform::DSA directory C:/Users/alise/Desktop/VIVADO/PROJECTS/MEMORY_WORK/PS/design_1_wrapper/hw
TRACE::2023-12-07.18:20:03::SCWPlatform:: Platform Path C:/Users/alise/Desktop/VIVADO/PROJECTS/MEMORY_WORK/PS/design_1_wrapper/hw/design_1_wrapper.xsa
TRACE::2023-12-07.18:20:03::SCWPlatform:: Unique name xilinx:nexys4_ddr::0.0
TRACE::2023-12-07.18:20:03::SCWPlatform::Trying to set the existing hwdb with name design_1_wrapper_0
TRACE::2023-12-07.18:20:03::SCWPlatform::Opened existing hwdb design_1_wrapper_0
TRACE::2023-12-07.18:20:03::SCWPlatform::Found the Hw Db part of the input DSA
TRACE::2023-12-07.18:20:03::SCWMssOS::Checking the sw design at  C:/Users/alise/Desktop/VIVADO/PROJECTS/MEMORY_WORK/PS/design_1_wrapper/microblaze_0/domain_microblaze_0/bsp/system.mss
TRACE::2023-12-07.18:20:03::SCWMssOS::DEBUG:  swdes dump  C:/Users/alise/Desktop/VIVADO/PROJECTS/MEMORY_WORK/PS/design_1_wrapper/microblaze_0/domain_microblaze_0/bsp/system.mss|system||

TRACE::2023-12-07.18:20:03::SCWMssOS::Sw design exists and opened at  C:/Users/alise/Desktop/VIVADO/PROJECTS/MEMORY_WORK/PS/design_1_wrapper/microblaze_0/domain_microblaze_0/bsp/system.mss
TRACE::2023-12-07.18:20:03::SCWPlatform::Trying to open the hw design at C:/Users/alise/Desktop/VIVADO/PROJECTS/MEMORY_WORK/PS/design_1_wrapper/hw/design_1_wrapper.xsa
TRACE::2023-12-07.18:20:03::SCWPlatform::DSA given C:/Users/alise/Desktop/VIVADO/PROJECTS/MEMORY_WORK/PS/design_1_wrapper/hw/design_1_wrapper.xsa
TRACE::2023-12-07.18:20:03::SCWPlatform::DSA absoulate path C:/Users/alise/Desktop/VIVADO/PROJECTS/MEMORY_WORK/PS/design_1_wrapper/hw/design_1_wrapper.xsa
TRACE::2023-12-07.18:20:03::SCWPlatform::DSA directory C:/Users/alise/Desktop/VIVADO/PROJECTS/MEMORY_WORK/PS/design_1_wrapper/hw
TRACE::2023-12-07.18:20:03::SCWPlatform:: Platform Path C:/Users/alise/Desktop/VIVADO/PROJECTS/MEMORY_WORK/PS/design_1_wrapper/hw/design_1_wrapper.xsa
TRACE::2023-12-07.18:20:03::SCWPlatform:: Unique name xilinx:nexys4_ddr::0.0
TRACE::2023-12-07.18:20:03::SCWPlatform::Trying to set the existing hwdb with name design_1_wrapper_0
TRACE::2023-12-07.18:20:03::SCWPlatform::Opened existing hwdb design_1_wrapper_0
TRACE::2023-12-07.18:20:03::SCWPlatform::Found the Hw Db part of the input DSA
TRACE::2023-12-07.18:20:03::SCWMssOS::Checking the sw design at  C:/Users/alise/Desktop/VIVADO/PROJECTS/MEMORY_WORK/PS/design_1_wrapper/microblaze_0/domain_microblaze_0/bsp/system.mss
TRACE::2023-12-07.18:20:03::SCWMssOS::DEBUG:  swdes dump  C:/Users/alise/Desktop/VIVADO/PROJECTS/MEMORY_WORK/PS/design_1_wrapper/microblaze_0/domain_microblaze_0/bsp/system.mss|system||

TRACE::2023-12-07.18:20:03::SCWMssOS::Sw design exists and opened at  C:/Users/alise/Desktop/VIVADO/PROJECTS/MEMORY_WORK/PS/design_1_wrapper/microblaze_0/domain_microblaze_0/bsp/system.mss
TRACE::2023-12-07.18:20:03::SCWWriter::formatted JSON is {
	"platformName":	"design_1_wrapper",
	"sprVersion":	"2.0",
	"mode":	"gui",
	"dsaType":	"Fixed",
	"platformDesc":	"design_1_wrapper",
	"platHandOff":	"C:/Users/alise/Desktop/VIVADO/PROJECTS/MEMORY_WORK/design_1_wrapper.xsa",
	"platIntHandOff":	"<platformDir>/hw/design_1_wrapper.xsa",
	"deviceType":	"FPGA",
	"platIsPrebuiltAutogen":	"false",
	"platIsNoBootBsp":	"false",
	"hasFsblMakeHasChanges":	"false",
	"hasPmufwMakeHasChanges":	"false",
	"platPreBuiltFlag":	false,
	"platformSamplesDir":	"",
	"platActiveSys":	"design_1_wrapper",
	"systems":	[{
			"systemName":	"design_1_wrapper",
			"systemDesc":	"design_1_wrapper",
			"sysIsBootAutoGen":	"true",
			"systemDispName":	"design_1_wrapper",
			"sysActiveDom":	"domain_microblaze_0",
			"sysDefaultDom":	"domain_microblaze_0",
			"domains":	[{
					"domainName":	"domain_microblaze_0",
					"domainDispName":	"domain_microblaze_0",
					"domainDesc":	"domain_microblaze_0",
					"processors":	"microblaze_0",
					"os":	"standalone",
					"sdxOs":	"standalone",
					"debugEnable":	"False",
					"domRuntimes":	["cpp"],
					"swRepo":	"",
					"mssOsVer":	"7.2",
					"mssFile":	"",
					"md5Digest":	"f00ac804c6735db9693f7dc2217ae864",
					"compatibleApp":	"hello_world",
					"domType":	"mssDomain",
					"arch":	"32-bit",
					"appSettings":	{
						"appCompilerFlags":	"",
						"appLinkerFlags":	""
					},
					"addedLibs":	[],
					"libOptions":	{
						"libsContainingOptions":	[]
					},
					"prebuiltLibs":	{
						"prebuiltIncPath":	[],
						"prebuiltLibPath":	[]
					},
					"isolation":	{
					}
				}]
		}]
}
KEYINFO::2023-12-07.18:20:03::SCWPlatform::updated the xpfm file.
TRACE::2023-12-07.18:20:03::SCWPlatform::Trying to open the hw design at C:/Users/alise/Desktop/VIVADO/PROJECTS/MEMORY_WORK/PS/design_1_wrapper/hw/design_1_wrapper.xsa
TRACE::2023-12-07.18:20:03::SCWPlatform::DSA given C:/Users/alise/Desktop/VIVADO/PROJECTS/MEMORY_WORK/PS/design_1_wrapper/hw/design_1_wrapper.xsa
TRACE::2023-12-07.18:20:03::SCWPlatform::DSA absoulate path C:/Users/alise/Desktop/VIVADO/PROJECTS/MEMORY_WORK/PS/design_1_wrapper/hw/design_1_wrapper.xsa
TRACE::2023-12-07.18:20:03::SCWPlatform::DSA directory C:/Users/alise/Desktop/VIVADO/PROJECTS/MEMORY_WORK/PS/design_1_wrapper/hw
TRACE::2023-12-07.18:20:03::SCWPlatform:: Platform Path C:/Users/alise/Desktop/VIVADO/PROJECTS/MEMORY_WORK/PS/design_1_wrapper/hw/design_1_wrapper.xsa
TRACE::2023-12-07.18:20:03::SCWPlatform:: Unique name xilinx:nexys4_ddr::0.0
TRACE::2023-12-07.18:20:03::SCWPlatform::Trying to set the existing hwdb with name design_1_wrapper_0
TRACE::2023-12-07.18:20:03::SCWPlatform::Opened existing hwdb design_1_wrapper_0
TRACE::2023-12-07.18:20:03::SCWPlatform::Found the Hw Db part of the input DSA
TRACE::2023-12-07.18:20:03::SCWMssOS::Checking the sw design at  C:/Users/alise/Desktop/VIVADO/PROJECTS/MEMORY_WORK/PS/design_1_wrapper/microblaze_0/domain_microblaze_0/bsp/system.mss
TRACE::2023-12-07.18:20:03::SCWMssOS::DEBUG:  swdes dump  C:/Users/alise/Desktop/VIVADO/PROJECTS/MEMORY_WORK/PS/design_1_wrapper/microblaze_0/domain_microblaze_0/bsp/system.mss|system||

TRACE::2023-12-07.18:20:03::SCWMssOS::Sw design exists and opened at  C:/Users/alise/Desktop/VIVADO/PROJECTS/MEMORY_WORK/PS/design_1_wrapper/microblaze_0/domain_microblaze_0/bsp/system.mss
TRACE::2023-12-07.18:23:46::SCWMssOS::cleaning the bsp 
TRACE::2023-12-07.18:23:46::SCWMssOS::System Command Ran  C: & cd  C:/Users/alise/Desktop/VIVADO/PROJECTS/MEMORY_WORK/PS/design_1_wrapper/microblaze_0/domain_microblaze_0/bsp & make clean 
TRACE::2023-12-07.18:23:46::SCWMssOS::make -C microblaze_0/libsrc/bram_v4_4/src -s clean 

TRACE::2023-12-07.18:23:46::SCWMssOS::make -C microblaze_0/libsrc/cpu_v2_11/src -s clean 

TRACE::2023-12-07.18:23:46::SCWMssOS::make -C microblaze_0/libsrc/intc_v3_11/src -s clean 

TRACE::2023-12-07.18:23:46::SCWMssOS::make -C microblaze_0/libsrc/standalone_v7_2/src -s clean 

TRACE::2023-12-07.18:23:46::SCWMssOS::make -C microblaze_0/libsrc/uartlite_v3_4/src -s clean 

TRACE::2023-12-07.18:23:46::SCWMssOS::rm -f microblaze_0/lib/libxil.a

TRACE::2023-12-07.18:24:23::SCWMssOS::cleaning the bsp 
TRACE::2023-12-07.18:24:23::SCWMssOS::System Command Ran  C: & cd  C:/Users/alise/Desktop/VIVADO/PROJECTS/MEMORY_WORK/PS/design_1_wrapper/microblaze_0/domain_microblaze_0/bsp & make clean 
TRACE::2023-12-07.18:24:23::SCWMssOS::make -C microblaze_0/libsrc/bram_v4_4/src -s clean 

TRACE::2023-12-07.18:24:23::SCWMssOS::make -C microblaze_0/libsrc/cpu_v2_11/src -s clean 

TRACE::2023-12-07.18:24:23::SCWMssOS::make -C microblaze_0/libsrc/intc_v3_11/src -s clean 

TRACE::2023-12-07.18:24:23::SCWMssOS::make -C microblaze_0/libsrc/standalone_v7_2/src -s clean 

TRACE::2023-12-07.18:24:23::SCWMssOS::make -C microblaze_0/libsrc/uartlite_v3_4/src -s clean 

TRACE::2023-12-07.18:24:23::SCWMssOS::rm -f microblaze_0/lib/libxil.a

LOG::2023-12-07.18:25:04::SCWPlatform::Started generating the artifacts platform design_1_wrapper
TRACE::2023-12-07.18:25:04::SCWPlatform::Sanity checking of platform is completed
LOG::2023-12-07.18:25:04::SCWPlatform::Started generating the artifacts for system configuration design_1_wrapper
LOG::2023-12-07.18:25:04::SCWSystem::Checking the domain domain_microblaze_0
LOG::2023-12-07.18:25:04::SCWSystem::Not a boot domain 
LOG::2023-12-07.18:25:04::SCWSystem::Started Processing the domain domain_microblaze_0
TRACE::2023-12-07.18:25:04::SCWDomain::Generating domain artifcats
TRACE::2023-12-07.18:25:04::SCWMssOS::Generating standalone artifcats
TRACE::2023-12-07.18:25:04::SCWMssOS:: Copying the user libraries. 
TRACE::2023-12-07.18:25:04::SCWPlatform::Trying to open the hw design at C:/Users/alise/Desktop/VIVADO/PROJECTS/MEMORY_WORK/PS/design_1_wrapper/hw/design_1_wrapper.xsa
TRACE::2023-12-07.18:25:04::SCWPlatform::DSA given C:/Users/alise/Desktop/VIVADO/PROJECTS/MEMORY_WORK/PS/design_1_wrapper/hw/design_1_wrapper.xsa
TRACE::2023-12-07.18:25:04::SCWPlatform::DSA absoulate path C:/Users/alise/Desktop/VIVADO/PROJECTS/MEMORY_WORK/PS/design_1_wrapper/hw/design_1_wrapper.xsa
TRACE::2023-12-07.18:25:04::SCWPlatform::DSA directory C:/Users/alise/Desktop/VIVADO/PROJECTS/MEMORY_WORK/PS/design_1_wrapper/hw
TRACE::2023-12-07.18:25:04::SCWPlatform:: Platform Path C:/Users/alise/Desktop/VIVADO/PROJECTS/MEMORY_WORK/PS/design_1_wrapper/hw/design_1_wrapper.xsa
TRACE::2023-12-07.18:25:04::SCWPlatform:: Unique name xilinx:nexys4_ddr::0.0
TRACE::2023-12-07.18:25:04::SCWPlatform::Trying to set the existing hwdb with name design_1_wrapper_0
TRACE::2023-12-07.18:25:04::SCWPlatform::Opened existing hwdb design_1_wrapper_0
TRACE::2023-12-07.18:25:04::SCWPlatform::Found the Hw Db part of the input DSA
TRACE::2023-12-07.18:25:04::SCWMssOS::Checking the sw design at  C:/Users/alise/Desktop/VIVADO/PROJECTS/MEMORY_WORK/PS/design_1_wrapper/microblaze_0/domain_microblaze_0/bsp/system.mss
TRACE::2023-12-07.18:25:04::SCWMssOS::DEBUG:  swdes dump  C:/Users/alise/Desktop/VIVADO/PROJECTS/MEMORY_WORK/PS/design_1_wrapper/microblaze_0/domain_microblaze_0/bsp/system.mss|system||

TRACE::2023-12-07.18:25:04::SCWMssOS::Sw design exists and opened at  C:/Users/alise/Desktop/VIVADO/PROJECTS/MEMORY_WORK/PS/design_1_wrapper/microblaze_0/domain_microblaze_0/bsp/system.mss
TRACE::2023-12-07.18:25:04::SCWMssOS::Completed writing the mss file at C:/Users/alise/Desktop/VIVADO/PROJECTS/MEMORY_WORK/PS/design_1_wrapper/microblaze_0/domain_microblaze_0/bsp
TRACE::2023-12-07.18:25:04::SCWMssOS::Mss edits present, copying mssfile into export location C:/Users/alise/Desktop/VIVADO/PROJECTS/MEMORY_WORK/PS/design_1_wrapper/microblaze_0/domain_microblaze_0/bsp/system.mss
TRACE::2023-12-07.18:25:04::SCWMssOS::bsp generated is upto date with the mss file. Skipping bsp generation.
TRACE::2023-12-07.18:25:04::SCWMssOS::BSP is already built. skipping the bsp build ... 
TRACE::2023-12-07.18:25:04::SCWDomain::Building the domain as part of full build :  domain_microblaze_0
TRACE::2023-12-07.18:25:04::SCWMssOS::doing bsp build ... 
TRACE::2023-12-07.18:25:04::SCWMssOS::System Command Ran  C: & cd  C:/Users/alise/Desktop/VIVADO/PROJECTS/MEMORY_WORK/PS/design_1_wrapper/microblaze_0/domain_microblaze_0/bsp & make 
TRACE::2023-12-07.18:25:04::SCWMssOS::"Running Make include in microblaze_0/libsrc/bram_v4_4/src"

TRACE::2023-12-07.18:25:04::SCWMssOS::make -C microblaze_0/libsrc/bram_v4_4/src -s include  "SHELL=CMD" "COMPILER=mb-gcc" "ASSEMBLER=mb-as" "ARCHIVER=mb-ar" "COMPILE
TRACE::2023-12-07.18:25:04::SCWMssOS::R_FLAGS=  -O2 -c -mcpu=v11.0 -mlittle-endian -mxl-soft-mul" "EXTRA_COMPILER_FLAGS=-g -ffunction-sections -fdata-sections -Wall 
TRACE::2023-12-07.18:25:04::SCWMssOS::-Wextra"

TRACE::2023-12-07.18:25:04::SCWMssOS::"Running Make include in microblaze_0/libsrc/cpu_v2_11/src"

TRACE::2023-12-07.18:25:04::SCWMssOS::make -C microblaze_0/libsrc/cpu_v2_11/src -s include  "SHELL=CMD" "COMPILER=mb-gcc" "ASSEMBLER=mb-as" "ARCHIVER=mb-ar" "COMPILE
TRACE::2023-12-07.18:25:04::SCWMssOS::R_FLAGS=  -O2 -c -mcpu=v11.0 -mlittle-endian -mxl-soft-mul" "EXTRA_COMPILER_FLAGS=-g -ffunction-sections -fdata-sections -Wall 
TRACE::2023-12-07.18:25:04::SCWMssOS::-Wextra"

TRACE::2023-12-07.18:25:04::SCWMssOS::"Running Make include in microblaze_0/libsrc/intc_v3_11/src"

TRACE::2023-12-07.18:25:04::SCWMssOS::make -C microblaze_0/libsrc/intc_v3_11/src -s include  "SHELL=CMD" "COMPILER=mb-gcc" "ASSEMBLER=mb-as" "ARCHIVER=mb-ar" "COMPIL
TRACE::2023-12-07.18:25:04::SCWMssOS::ER_FLAGS=  -O2 -c -mcpu=v11.0 -mlittle-endian -mxl-soft-mul" "EXTRA_COMPILER_FLAGS=-g -ffunction-sections -fdata-sections -Wall
TRACE::2023-12-07.18:25:04::SCWMssOS:: -Wextra"

TRACE::2023-12-07.18:25:05::SCWMssOS::"Running Make include in microblaze_0/libsrc/standalone_v7_2/src"

TRACE::2023-12-07.18:25:05::SCWMssOS::make -C microblaze_0/libsrc/standalone_v7_2/src -s include  "SHELL=CMD" "COMPILER=mb-gcc" "ASSEMBLER=mb-as" "ARCHIVER=mb-ar" "C
TRACE::2023-12-07.18:25:05::SCWMssOS::OMPILER_FLAGS=  -O2 -c -mcpu=v11.0 -mlittle-endian -mxl-soft-mul" "EXTRA_COMPILER_FLAGS=-g -ffunction-sections -fdata-sections 
TRACE::2023-12-07.18:25:05::SCWMssOS::-Wall -Wextra"

TRACE::2023-12-07.18:25:05::SCWMssOS::"Running Make include in microblaze_0/libsrc/uartlite_v3_4/src"

TRACE::2023-12-07.18:25:05::SCWMssOS::make -C microblaze_0/libsrc/uartlite_v3_4/src -s include  "SHELL=CMD" "COMPILER=mb-gcc" "ASSEMBLER=mb-as" "ARCHIVER=mb-ar" "COM
TRACE::2023-12-07.18:25:05::SCWMssOS::PILER_FLAGS=  -O2 -c -mcpu=v11.0 -mlittle-endian -mxl-soft-mul" "EXTRA_COMPILER_FLAGS=-g -ffunction-sections -fdata-sections -W
TRACE::2023-12-07.18:25:05::SCWMssOS::all -Wextra"

TRACE::2023-12-07.18:25:05::SCWMssOS::"Running Make libs in microblaze_0/libsrc/bram_v4_4/src"

TRACE::2023-12-07.18:25:05::SCWMssOS::make -C microblaze_0/libsrc/bram_v4_4/src -s libs  "SHELL=CMD" "COMPILER=mb-gcc" "ASSEMBLER=mb-as" "ARCHIVER=mb-ar" "COMPILER_F
TRACE::2023-12-07.18:25:05::SCWMssOS::LAGS=  -O2 -c -mcpu=v11.0 -mlittle-endian -mxl-soft-mul" "EXTRA_COMPILER_FLAGS=-g -ffunction-sections -fdata-sections -Wall -We
TRACE::2023-12-07.18:25:05::SCWMssOS::xtra"

TRACE::2023-12-07.18:25:05::SCWMssOS::"Compiling bram"

TRACE::2023-12-07.18:25:05::SCWMssOS::"Running Make libs in microblaze_0/libsrc/cpu_v2_11/src"

TRACE::2023-12-07.18:25:05::SCWMssOS::make -C microblaze_0/libsrc/cpu_v2_11/src -s libs  "SHELL=CMD" "COMPILER=mb-gcc" "ASSEMBLER=mb-as" "ARCHIVER=mb-ar" "COMPILER_F
TRACE::2023-12-07.18:25:05::SCWMssOS::LAGS=  -O2 -c -mcpu=v11.0 -mlittle-endian -mxl-soft-mul" "EXTRA_COMPILER_FLAGS=-g -ffunction-sections -fdata-sections -Wall -We
TRACE::2023-12-07.18:25:05::SCWMssOS::xtra"

TRACE::2023-12-07.18:25:05::SCWMssOS::"Compiling cpu"

TRACE::2023-12-07.18:25:06::SCWMssOS::"Running Make libs in microblaze_0/libsrc/intc_v3_11/src"

TRACE::2023-12-07.18:25:06::SCWMssOS::make -C microblaze_0/libsrc/intc_v3_11/src -s libs  "SHELL=CMD" "COMPILER=mb-gcc" "ASSEMBLER=mb-as" "ARCHIVER=mb-ar" "COMPILER_
TRACE::2023-12-07.18:25:06::SCWMssOS::FLAGS=  -O2 -c -mcpu=v11.0 -mlittle-endian -mxl-soft-mul" "EXTRA_COMPILER_FLAGS=-g -ffunction-sections -fdata-sections -Wall -W
TRACE::2023-12-07.18:25:06::SCWMssOS::extra"

TRACE::2023-12-07.18:25:06::SCWMssOS::"Compiling intc"

TRACE::2023-12-07.18:25:06::SCWMssOS::"Running Make libs in microblaze_0/libsrc/standalone_v7_2/src"

TRACE::2023-12-07.18:25:06::SCWMssOS::make -C microblaze_0/libsrc/standalone_v7_2/src -s libs  "SHELL=CMD" "COMPILER=mb-gcc" "ASSEMBLER=mb-as" "ARCHIVER=mb-ar" "COMP
TRACE::2023-12-07.18:25:06::SCWMssOS::ILER_FLAGS=  -O2 -c -mcpu=v11.0 -mlittle-endian -mxl-soft-mul" "EXTRA_COMPILER_FLAGS=-g -ffunction-sections -fdata-sections -Wa
TRACE::2023-12-07.18:25:06::SCWMssOS::ll -Wextra"

TRACE::2023-12-07.18:25:06::SCWMssOS::"Compiling standalone";

TRACE::2023-12-07.18:25:08::SCWMssOS::"Running Make libs in microblaze_0/libsrc/uartlite_v3_4/src"

TRACE::2023-12-07.18:25:08::SCWMssOS::make -C microblaze_0/libsrc/uartlite_v3_4/src -s libs  "SHELL=CMD" "COMPILER=mb-gcc" "ASSEMBLER=mb-as" "ARCHIVER=mb-ar" "COMPIL
TRACE::2023-12-07.18:25:08::SCWMssOS::ER_FLAGS=  -O2 -c -mcpu=v11.0 -mlittle-endian -mxl-soft-mul" "EXTRA_COMPILER_FLAGS=-g -ffunction-sections -fdata-sections -Wall
TRACE::2023-12-07.18:25:08::SCWMssOS:: -Wextra"

TRACE::2023-12-07.18:25:08::SCWMssOS::"Compiling uartlite"

TRACE::2023-12-07.18:25:09::SCWMssOS::'Finished building libraries'

TRACE::2023-12-07.18:25:09::SCWMssOS::Copying to export directory.
TRACE::2023-12-07.18:25:09::SCWMssOS:: Checking if to create the Supporting Applications
TRACE::2023-12-07.18:25:09::SCWMssOS:: No Linux domain exists, trying to generate FSBL 
LOG::2023-12-07.18:25:09::SCWSystem::Completed Processing the domain domain_microblaze_0
LOG::2023-12-07.18:25:09::SCWSystem::Completed Processing the sysconfig design_1_wrapper
LOG::2023-12-07.18:25:09::SCWPlatform::Completed generating the artifacts for system configuration design_1_wrapper
TRACE::2023-12-07.18:25:09::SCWPlatform::Started preparing the platform 
TRACE::2023-12-07.18:25:09::SCWSystem::Writing the bif file for system config design_1_wrapper
TRACE::2023-12-07.18:25:09::SCWSystem::dir created 
TRACE::2023-12-07.18:25:09::SCWSystem::Writing the bif 
TRACE::2023-12-07.18:25:09::SCWPlatform::Started writing the spfm file 
TRACE::2023-12-07.18:25:09::SCWPlatform::Started writing the xpfm file 
TRACE::2023-12-07.18:25:09::SCWPlatform::Completed generating the platform
TRACE::2023-12-07.18:25:09::SCWMssOS::Saving the mss changes C:/Users/alise/Desktop/VIVADO/PROJECTS/MEMORY_WORK/PS/design_1_wrapper/microblaze_0/domain_microblaze_0/bsp/system.mss
TRACE::2023-12-07.18:25:09::SCWMssOS::Found a swdesign opened with the mssfile.
TRACE::2023-12-07.18:25:09::SCWMssOS::Completed writemss as part of save.
TRACE::2023-12-07.18:25:09::SCWMssOS::Commit changes completed.
TRACE::2023-12-07.18:25:09::SCWPlatform::Trying to open the hw design at C:/Users/alise/Desktop/VIVADO/PROJECTS/MEMORY_WORK/PS/design_1_wrapper/hw/design_1_wrapper.xsa
TRACE::2023-12-07.18:25:09::SCWPlatform::DSA given C:/Users/alise/Desktop/VIVADO/PROJECTS/MEMORY_WORK/PS/design_1_wrapper/hw/design_1_wrapper.xsa
TRACE::2023-12-07.18:25:09::SCWPlatform::DSA absoulate path C:/Users/alise/Desktop/VIVADO/PROJECTS/MEMORY_WORK/PS/design_1_wrapper/hw/design_1_wrapper.xsa
TRACE::2023-12-07.18:25:09::SCWPlatform::DSA directory C:/Users/alise/Desktop/VIVADO/PROJECTS/MEMORY_WORK/PS/design_1_wrapper/hw
TRACE::2023-12-07.18:25:09::SCWPlatform:: Platform Path C:/Users/alise/Desktop/VIVADO/PROJECTS/MEMORY_WORK/PS/design_1_wrapper/hw/design_1_wrapper.xsa
TRACE::2023-12-07.18:25:09::SCWPlatform:: Unique name xilinx:nexys4_ddr::0.0
TRACE::2023-12-07.18:25:09::SCWPlatform::Trying to set the existing hwdb with name design_1_wrapper_0
TRACE::2023-12-07.18:25:09::SCWPlatform::Opened existing hwdb design_1_wrapper_0
TRACE::2023-12-07.18:25:09::SCWPlatform::Found the Hw Db part of the input DSA
TRACE::2023-12-07.18:25:09::SCWMssOS::Checking the sw design at  C:/Users/alise/Desktop/VIVADO/PROJECTS/MEMORY_WORK/PS/design_1_wrapper/microblaze_0/domain_microblaze_0/bsp/system.mss
TRACE::2023-12-07.18:25:09::SCWMssOS::DEBUG:  swdes dump  C:/Users/alise/Desktop/VIVADO/PROJECTS/MEMORY_WORK/PS/design_1_wrapper/microblaze_0/domain_microblaze_0/bsp/system.mss|system||

TRACE::2023-12-07.18:25:09::SCWMssOS::Sw design exists and opened at  C:/Users/alise/Desktop/VIVADO/PROJECTS/MEMORY_WORK/PS/design_1_wrapper/microblaze_0/domain_microblaze_0/bsp/system.mss
TRACE::2023-12-07.18:25:09::SCWPlatform::Trying to open the hw design at C:/Users/alise/Desktop/VIVADO/PROJECTS/MEMORY_WORK/PS/design_1_wrapper/hw/design_1_wrapper.xsa
TRACE::2023-12-07.18:25:09::SCWPlatform::DSA given C:/Users/alise/Desktop/VIVADO/PROJECTS/MEMORY_WORK/PS/design_1_wrapper/hw/design_1_wrapper.xsa
TRACE::2023-12-07.18:25:09::SCWPlatform::DSA absoulate path C:/Users/alise/Desktop/VIVADO/PROJECTS/MEMORY_WORK/PS/design_1_wrapper/hw/design_1_wrapper.xsa
TRACE::2023-12-07.18:25:09::SCWPlatform::DSA directory C:/Users/alise/Desktop/VIVADO/PROJECTS/MEMORY_WORK/PS/design_1_wrapper/hw
TRACE::2023-12-07.18:25:09::SCWPlatform:: Platform Path C:/Users/alise/Desktop/VIVADO/PROJECTS/MEMORY_WORK/PS/design_1_wrapper/hw/design_1_wrapper.xsa
TRACE::2023-12-07.18:25:09::SCWPlatform:: Unique name xilinx:nexys4_ddr::0.0
TRACE::2023-12-07.18:25:09::SCWPlatform::Trying to set the existing hwdb with name design_1_wrapper_0
TRACE::2023-12-07.18:25:09::SCWPlatform::Opened existing hwdb design_1_wrapper_0
TRACE::2023-12-07.18:25:09::SCWPlatform::Found the Hw Db part of the input DSA
TRACE::2023-12-07.18:25:09::SCWMssOS::Checking the sw design at  C:/Users/alise/Desktop/VIVADO/PROJECTS/MEMORY_WORK/PS/design_1_wrapper/microblaze_0/domain_microblaze_0/bsp/system.mss
TRACE::2023-12-07.18:25:09::SCWMssOS::DEBUG:  swdes dump  C:/Users/alise/Desktop/VIVADO/PROJECTS/MEMORY_WORK/PS/design_1_wrapper/microblaze_0/domain_microblaze_0/bsp/system.mss|system||

TRACE::2023-12-07.18:25:09::SCWMssOS::Sw design exists and opened at  C:/Users/alise/Desktop/VIVADO/PROJECTS/MEMORY_WORK/PS/design_1_wrapper/microblaze_0/domain_microblaze_0/bsp/system.mss
TRACE::2023-12-07.18:25:09::SCWPlatform::Trying to open the hw design at C:/Users/alise/Desktop/VIVADO/PROJECTS/MEMORY_WORK/PS/design_1_wrapper/hw/design_1_wrapper.xsa
TRACE::2023-12-07.18:25:09::SCWPlatform::DSA given C:/Users/alise/Desktop/VIVADO/PROJECTS/MEMORY_WORK/PS/design_1_wrapper/hw/design_1_wrapper.xsa
TRACE::2023-12-07.18:25:09::SCWPlatform::DSA absoulate path C:/Users/alise/Desktop/VIVADO/PROJECTS/MEMORY_WORK/PS/design_1_wrapper/hw/design_1_wrapper.xsa
TRACE::2023-12-07.18:25:09::SCWPlatform::DSA directory C:/Users/alise/Desktop/VIVADO/PROJECTS/MEMORY_WORK/PS/design_1_wrapper/hw
TRACE::2023-12-07.18:25:09::SCWPlatform:: Platform Path C:/Users/alise/Desktop/VIVADO/PROJECTS/MEMORY_WORK/PS/design_1_wrapper/hw/design_1_wrapper.xsa
TRACE::2023-12-07.18:25:09::SCWPlatform:: Unique name xilinx:nexys4_ddr::0.0
TRACE::2023-12-07.18:25:09::SCWPlatform::Trying to set the existing hwdb with name design_1_wrapper_0
TRACE::2023-12-07.18:25:09::SCWPlatform::Opened existing hwdb design_1_wrapper_0
TRACE::2023-12-07.18:25:09::SCWPlatform::Found the Hw Db part of the input DSA
TRACE::2023-12-07.18:25:09::SCWMssOS::Checking the sw design at  C:/Users/alise/Desktop/VIVADO/PROJECTS/MEMORY_WORK/PS/design_1_wrapper/microblaze_0/domain_microblaze_0/bsp/system.mss
TRACE::2023-12-07.18:25:09::SCWMssOS::DEBUG:  swdes dump  C:/Users/alise/Desktop/VIVADO/PROJECTS/MEMORY_WORK/PS/design_1_wrapper/microblaze_0/domain_microblaze_0/bsp/system.mss|system||

TRACE::2023-12-07.18:25:09::SCWMssOS::Sw design exists and opened at  C:/Users/alise/Desktop/VIVADO/PROJECTS/MEMORY_WORK/PS/design_1_wrapper/microblaze_0/domain_microblaze_0/bsp/system.mss
TRACE::2023-12-07.18:25:09::SCWWriter::formatted JSON is {
	"platformName":	"design_1_wrapper",
	"sprVersion":	"2.0",
	"mode":	"gui",
	"dsaType":	"Fixed",
	"platformDesc":	"design_1_wrapper",
	"platHandOff":	"C:/Users/alise/Desktop/VIVADO/PROJECTS/MEMORY_WORK/design_1_wrapper.xsa",
	"platIntHandOff":	"<platformDir>/hw/design_1_wrapper.xsa",
	"deviceType":	"FPGA",
	"platIsPrebuiltAutogen":	"false",
	"platIsNoBootBsp":	"false",
	"hasFsblMakeHasChanges":	"false",
	"hasPmufwMakeHasChanges":	"false",
	"platPreBuiltFlag":	false,
	"platformSamplesDir":	"",
	"platActiveSys":	"design_1_wrapper",
	"systems":	[{
			"systemName":	"design_1_wrapper",
			"systemDesc":	"design_1_wrapper",
			"sysIsBootAutoGen":	"true",
			"systemDispName":	"design_1_wrapper",
			"sysActiveDom":	"domain_microblaze_0",
			"sysDefaultDom":	"domain_microblaze_0",
			"domains":	[{
					"domainName":	"domain_microblaze_0",
					"domainDispName":	"domain_microblaze_0",
					"domainDesc":	"domain_microblaze_0",
					"processors":	"microblaze_0",
					"os":	"standalone",
					"sdxOs":	"standalone",
					"debugEnable":	"False",
					"domRuntimes":	["cpp"],
					"swRepo":	"",
					"mssOsVer":	"7.2",
					"mssFile":	"",
					"md5Digest":	"f00ac804c6735db9693f7dc2217ae864",
					"compatibleApp":	"hello_world",
					"domType":	"mssDomain",
					"arch":	"32-bit",
					"appSettings":	{
						"appCompilerFlags":	"",
						"appLinkerFlags":	""
					},
					"addedLibs":	[],
					"libOptions":	{
						"libsContainingOptions":	[]
					},
					"prebuiltLibs":	{
						"prebuiltIncPath":	[],
						"prebuiltLibPath":	[]
					},
					"isolation":	{
					}
				}]
		}]
}
KEYINFO::2023-12-07.18:25:09::SCWPlatform::updated the xpfm file.
TRACE::2023-12-07.18:25:09::SCWPlatform::Trying to open the hw design at C:/Users/alise/Desktop/VIVADO/PROJECTS/MEMORY_WORK/PS/design_1_wrapper/hw/design_1_wrapper.xsa
TRACE::2023-12-07.18:25:09::SCWPlatform::DSA given C:/Users/alise/Desktop/VIVADO/PROJECTS/MEMORY_WORK/PS/design_1_wrapper/hw/design_1_wrapper.xsa
TRACE::2023-12-07.18:25:09::SCWPlatform::DSA absoulate path C:/Users/alise/Desktop/VIVADO/PROJECTS/MEMORY_WORK/PS/design_1_wrapper/hw/design_1_wrapper.xsa
TRACE::2023-12-07.18:25:09::SCWPlatform::DSA directory C:/Users/alise/Desktop/VIVADO/PROJECTS/MEMORY_WORK/PS/design_1_wrapper/hw
TRACE::2023-12-07.18:25:09::SCWPlatform:: Platform Path C:/Users/alise/Desktop/VIVADO/PROJECTS/MEMORY_WORK/PS/design_1_wrapper/hw/design_1_wrapper.xsa
TRACE::2023-12-07.18:25:09::SCWPlatform:: Unique name xilinx:nexys4_ddr::0.0
TRACE::2023-12-07.18:25:09::SCWPlatform::Trying to set the existing hwdb with name design_1_wrapper_0
TRACE::2023-12-07.18:25:09::SCWPlatform::Opened existing hwdb design_1_wrapper_0
TRACE::2023-12-07.18:25:09::SCWPlatform::Found the Hw Db part of the input DSA
TRACE::2023-12-07.18:25:09::SCWMssOS::Checking the sw design at  C:/Users/alise/Desktop/VIVADO/PROJECTS/MEMORY_WORK/PS/design_1_wrapper/microblaze_0/domain_microblaze_0/bsp/system.mss
TRACE::2023-12-07.18:25:09::SCWMssOS::DEBUG:  swdes dump  C:/Users/alise/Desktop/VIVADO/PROJECTS/MEMORY_WORK/PS/design_1_wrapper/microblaze_0/domain_microblaze_0/bsp/system.mss|system||

TRACE::2023-12-07.18:25:09::SCWMssOS::Sw design exists and opened at  C:/Users/alise/Desktop/VIVADO/PROJECTS/MEMORY_WORK/PS/design_1_wrapper/microblaze_0/domain_microblaze_0/bsp/system.mss
