Copyright 1986-2020 Xilinx, Inc. All Rights Reserved.
----------------------------------------------------------------------------------------------------------------------------------------------------------------------
| Tool Version     : Vivado v.2020.1 (win64) Build 2902540 Wed May 27 19:54:49 MDT 2020
| Date             : Thu Dec  7 18:13:44 2023
| Host             : DESKTOP-5H8FS8B running 64-bit major release  (build 9200)
| Command          : report_power -file design_1_wrapper_power_routed.rpt -pb design_1_wrapper_power_summary_routed.pb -rpx design_1_wrapper_power_routed.rpx
| Design           : design_1_wrapper
| Device           : xc7a100tcsg324-1
| Design State     : routed
| Grade            : commercial
| Process          : typical
| Characterization : Production
----------------------------------------------------------------------------------------------------------------------------------------------------------------------

Power Report

Table of Contents
-----------------
1. Summary
1.1 On-Chip Components
1.2 Power Supply Summary
1.3 Confidence Level
2. Settings
2.1 Environment
2.2 Clock Constraints
3. Detailed Reports
3.1 By Hierarchy

1. Summary
----------

+--------------------------+--------------+
| Total On-Chip Power (W)  | 1.173        |
| Design Power Budget (W)  | Unspecified* |
| Power Budget Margin (W)  | NA           |
| Dynamic (W)              | 1.065        |
| Device Static (W)        | 0.109        |
| Effective TJA (C/W)      | 4.6          |
| Max Ambient (C)          | 79.6         |
| Junction Temperature (C) | 30.4         |
| Confidence Level         | Low          |
| Setting File             | ---          |
| Simulation Activity File | ---          |
| Design Nets Matched      | NA           |
+--------------------------+--------------+
* Specify Design Power Budget using, set_operating_conditions -design_power_budget <value in Watts>


1.1 On-Chip Components
----------------------

+--------------------------+-----------+----------+-----------+-----------------+
| On-Chip                  | Power (W) | Used     | Available | Utilization (%) |
+--------------------------+-----------+----------+-----------+-----------------+
| Clocks                   |     0.051 |       26 |       --- |             --- |
| Slice Logic              |     0.015 |    25847 |       --- |             --- |
|   LUT as Logic           |     0.012 |     8916 |     63400 |           14.06 |
|   LUT as Distributed RAM |     0.001 |      904 |     19000 |            4.76 |
|   Register               |    <0.001 |    10643 |    126800 |            8.39 |
|   CARRY4                 |    <0.001 |      237 |     15850 |            1.50 |
|   F7/F8 Muxes            |    <0.001 |      139 |     63400 |            0.22 |
|   LUT as Shift Register  |    <0.001 |      460 |     19000 |            2.42 |
|   Others                 |    <0.001 |     1176 |       --- |             --- |
| Signals                  |     0.022 |    18984 |       --- |             --- |
| Block RAM                |     0.039 |       18 |       135 |           13.33 |
| MMCM                     |     0.218 |        2 |         6 |           33.33 |
| PLL                      |     0.074 |        1 |         6 |           16.67 |
| I/O                      |     0.529 |       50 |       210 |           23.81 |
| PHASER                   |     0.110 |       14 |       --- |             --- |
| XADC                     |     0.006 |        1 |       --- |             --- |
| Static Power             |     0.109 |          |           |                 |
| Total                    |     1.173 |          |           |                 |
+--------------------------+-----------+----------+-----------+-----------------+


1.2 Power Supply Summary
------------------------

+-----------+-------------+-----------+-------------+------------+-------------+-------------+------------+
| Source    | Voltage (V) | Total (A) | Dynamic (A) | Static (A) | Powerup (A) | Budget (A)  | Margin (A) |
+-----------+-------------+-----------+-------------+------------+-------------+-------------+------------+
| Vccint    |       1.000 |     0.177 |       0.158 |      0.019 |       NA    | Unspecified | NA         |
| Vccaux    |       1.800 |     0.280 |       0.261 |      0.018 |       NA    | Unspecified | NA         |
| Vcco33    |       3.300 |     0.004 |       0.000 |      0.004 |       NA    | Unspecified | NA         |
| Vcco25    |       2.500 |     0.000 |       0.000 |      0.000 |       NA    | Unspecified | NA         |
| Vcco18    |       1.800 |     0.242 |       0.238 |      0.004 |       NA    | Unspecified | NA         |
| Vcco15    |       1.500 |     0.000 |       0.000 |      0.000 |       NA    | Unspecified | NA         |
| Vcco135   |       1.350 |     0.000 |       0.000 |      0.000 |       NA    | Unspecified | NA         |
| Vcco12    |       1.200 |     0.000 |       0.000 |      0.000 |       NA    | Unspecified | NA         |
| Vccaux_io |       1.800 |     0.000 |       0.000 |      0.000 |       NA    | Unspecified | NA         |
| Vccbram   |       1.000 |     0.004 |       0.003 |      0.001 |       NA    | Unspecified | NA         |
| MGTAVcc   |       1.000 |     0.000 |       0.000 |      0.000 |       NA    | Unspecified | NA         |
| MGTAVtt   |       1.200 |     0.000 |       0.000 |      0.000 |       NA    | Unspecified | NA         |
| Vccadc    |       1.800 |     0.023 |       0.003 |      0.020 |       NA    | Unspecified | NA         |
+-----------+-------------+-----------+-------------+------------+-------------+-------------+------------+


1.3 Confidence Level
--------------------

+-----------------------------+------------+--------------------------------------------------------+------------------------------------------------------------------------------------------------------------+
| User Input Data             | Confidence | Details                                                | Action                                                                                                     |
+-----------------------------+------------+--------------------------------------------------------+------------------------------------------------------------------------------------------------------------+
| Design implementation state | High       | Design is routed                                       |                                                                                                            |
| Clock nodes activity        | High       | User specified more than 95% of clocks                 |                                                                                                            |
| I/O nodes activity          | Low        | More than 75% of inputs are missing user specification | Provide missing input activity with simulation results or by editing the "By Resource Type -> I/Os" view   |
| Internal nodes activity     | Medium     | User specified less than 25% of internal nodes         | Provide missing internal nodes activity with simulation results or by editing the "By Resource Type" views |
| Device models               | High       | Device models are Production                           |                                                                                                            |
|                             |            |                                                        |                                                                                                            |
| Overall confidence level    | Low        |                                                        |                                                                                                            |
+-----------------------------+------------+--------------------------------------------------------+------------------------------------------------------------------------------------------------------------+


2. Settings
-----------

2.1 Environment
---------------

+-----------------------+--------------------------+
| Ambient Temp (C)      | 25.0                     |
| ThetaJA (C/W)         | 4.6                      |
| Airflow (LFM)         | 250                      |
| Heat Sink             | medium (Medium Profile)  |
| ThetaSA (C/W)         | 4.6                      |
| Board Selection       | medium (10"x10")         |
| # of Board Layers     | 12to15 (12 to 15 Layers) |
| Board Temperature (C) | 25.0                     |
+-----------------------+--------------------------+


2.2 Clock Constraints
---------------------

+-------------------------------------------------------------------------------------------------------------------------------------------------------------+----------------------------------------------------------------------------------------------------------------------------------------------------------------------------------------------------------------------------+-----------------+
| Clock                                                                                                                                                       | Domain                                                                                                                                                                                                                     | Constraint (ns) |
+-------------------------------------------------------------------------------------------------------------------------------------------------------------+----------------------------------------------------------------------------------------------------------------------------------------------------------------------------------------------------------------------------+-----------------+
| clk_out1_design_1_clk_wiz_0_2                                                                                                                               | design_1_i/clk_wiz_0/inst/clk_out1                                                                                                                                                                                         |            10.0 |
| clk_out1_design_1_clk_wiz_0_2                                                                                                                               | design_1_i/clk_wiz_0/inst/clk_out1_design_1_clk_wiz_0_2                                                                                                                                                                    |            10.0 |
| clk_pll_i_1                                                                                                                                                 | design_1_i/mig_7series_0/u_design_1_mig_7series_0_5_mig/u_ddr2_infrastructure/clk_pll_i                                                                                                                                    |            12.3 |
| clkfbout_design_1_clk_wiz_0_2                                                                                                                               | design_1_i/clk_wiz_0/inst/clkfbout_design_1_clk_wiz_0_2                                                                                                                                                                    |            10.0 |
| design_1_i/mdm_1/U0/Use_E2.BSCAN_I/Use_E2.BSCANE2_I/DRCK                                                                                                    | design_1_i/mdm_1/U0/Use_E2.BSCAN_I/DRCK                                                                                                                                                                                    |            33.3 |
| design_1_i/mdm_1/U0/Use_E2.BSCAN_I/Use_E2.BSCANE2_I/UPDATE                                                                                                  | design_1_i/mdm_1/U0/Use_E2.BSCAN_I/Ext_JTAG_UPDATE                                                                                                                                                                         |            33.3 |
| design_1_i/mig_7series_0/sys_clk_i                                                                                                                          | design_1_i/mig_7series_0/u_design_1_mig_7series_0_5_mig/u_iodelay_ctrl/CLK                                                                                                                                                 |             3.1 |
| freq_refclk_1                                                                                                                                               | design_1_i/mig_7series_0/u_design_1_mig_7series_0_5_mig/u_ddr2_infrastructure/freq_refclk                                                                                                                                  |             1.5 |
| iserdes_clkdiv_2                                                                                                                                            | design_1_i/mig_7series_0/u_design_1_mig_7series_0_5_mig/u_memc_ui_top_axi/mem_intfc0/ddr_phy_top0/u_ddr_mc_phy_wrapper/u_ddr_mc_phy/ddr_phy_4lanes_0.u_ddr_phy_4lanes/ddr_byte_lane_A.ddr_byte_lane_A/iserdes_clkdiv       |            12.3 |
| iserdes_clkdiv_3                                                                                                                                            | design_1_i/mig_7series_0/u_design_1_mig_7series_0_5_mig/u_memc_ui_top_axi/mem_intfc0/ddr_phy_top0/u_ddr_mc_phy_wrapper/u_ddr_mc_phy/ddr_phy_4lanes_0.u_ddr_phy_4lanes/ddr_byte_lane_C.ddr_byte_lane_C/iserdes_clkdiv       |            12.3 |
| mem_refclk_1                                                                                                                                                | design_1_i/mig_7series_0/u_design_1_mig_7series_0_5_mig/u_ddr2_infrastructure/mem_refclk                                                                                                                                   |             3.1 |
| oserdes_clk_4                                                                                                                                               | design_1_i/mig_7series_0/u_design_1_mig_7series_0_5_mig/u_memc_ui_top_axi/mem_intfc0/ddr_phy_top0/u_ddr_mc_phy_wrapper/u_ddr_mc_phy/ddr_phy_4lanes_0.u_ddr_phy_4lanes/ddr_byte_lane_A.ddr_byte_lane_A/oserdes_clk          |             3.1 |
| oserdes_clk_5                                                                                                                                               | design_1_i/mig_7series_0/u_design_1_mig_7series_0_5_mig/u_memc_ui_top_axi/mem_intfc0/ddr_phy_top0/u_ddr_mc_phy_wrapper/u_ddr_mc_phy/ddr_phy_4lanes_0.u_ddr_phy_4lanes/ddr_byte_lane_B.ddr_byte_lane_B/oserdes_clk          |             3.1 |
| oserdes_clk_6                                                                                                                                               | design_1_i/mig_7series_0/u_design_1_mig_7series_0_5_mig/u_memc_ui_top_axi/mem_intfc0/ddr_phy_top0/u_ddr_mc_phy_wrapper/u_ddr_mc_phy/ddr_phy_4lanes_0.u_ddr_phy_4lanes/ddr_byte_lane_C.ddr_byte_lane_C/oserdes_clk          |             3.1 |
| oserdes_clk_7                                                                                                                                               | design_1_i/mig_7series_0/u_design_1_mig_7series_0_5_mig/u_memc_ui_top_axi/mem_intfc0/ddr_phy_top0/u_ddr_mc_phy_wrapper/u_ddr_mc_phy/ddr_phy_4lanes_0.u_ddr_phy_4lanes/ddr_byte_lane_D.ddr_byte_lane_D/oserdes_clk          |             3.1 |
| oserdes_clkdiv_4                                                                                                                                            | design_1_i/mig_7series_0/u_design_1_mig_7series_0_5_mig/u_memc_ui_top_axi/mem_intfc0/ddr_phy_top0/u_ddr_mc_phy_wrapper/u_ddr_mc_phy/ddr_phy_4lanes_0.u_ddr_phy_4lanes/ddr_byte_lane_A.ddr_byte_lane_A/oserdes_clkdiv       |             6.2 |
| oserdes_clkdiv_5                                                                                                                                            | design_1_i/mig_7series_0/u_design_1_mig_7series_0_5_mig/u_memc_ui_top_axi/mem_intfc0/ddr_phy_top0/u_ddr_mc_phy_wrapper/u_ddr_mc_phy/ddr_phy_4lanes_0.u_ddr_phy_4lanes/ddr_byte_lane_B.ddr_byte_lane_B/oserdes_clkdiv       |            12.3 |
| oserdes_clkdiv_6                                                                                                                                            | design_1_i/mig_7series_0/u_design_1_mig_7series_0_5_mig/u_memc_ui_top_axi/mem_intfc0/ddr_phy_top0/u_ddr_mc_phy_wrapper/u_ddr_mc_phy/ddr_phy_4lanes_0.u_ddr_phy_4lanes/ddr_byte_lane_C.ddr_byte_lane_C/oserdes_clkdiv       |             6.2 |
| oserdes_clkdiv_7                                                                                                                                            | design_1_i/mig_7series_0/u_design_1_mig_7series_0_5_mig/u_memc_ui_top_axi/mem_intfc0/ddr_phy_top0/u_ddr_mc_phy_wrapper/u_ddr_mc_phy/ddr_phy_4lanes_0.u_ddr_phy_4lanes/ddr_byte_lane_D.ddr_byte_lane_D/oserdes_clkdiv       |            12.3 |
| pll_clk3_out_1                                                                                                                                              | design_1_i/mig_7series_0/u_design_1_mig_7series_0_5_mig/u_ddr2_infrastructure/pll_clk3_out                                                                                                                                 |            12.3 |
| pll_clkfbout_1                                                                                                                                              | design_1_i/mig_7series_0/u_design_1_mig_7series_0_5_mig/u_ddr2_infrastructure/pll_clkfbout                                                                                                                                 |             3.1 |
| sync_pulse_1                                                                                                                                                | design_1_i/mig_7series_0/u_design_1_mig_7series_0_5_mig/u_ddr2_infrastructure/sync_pulse                                                                                                                                   |            49.2 |
| sys_clock                                                                                                                                                   | sys_clock                                                                                                                                                                                                                  |            10.0 |
| u_memc_ui_top_axi/mem_intfc0/ddr_phy_top0/u_ddr_mc_phy_wrapper/u_ddr_mc_phy/ddr_phy_4lanes_0.u_ddr_phy_4lanes/ddr_byte_lane_A.ddr_byte_lane_A/iserdes_clk_1 | design_1_i/mig_7series_0/u_design_1_mig_7series_0_5_mig/u_memc_ui_top_axi/mem_intfc0/ddr_phy_top0/u_ddr_mc_phy_wrapper/u_ddr_mc_phy/ddr_phy_4lanes_0.u_ddr_phy_4lanes/ddr_byte_lane_A.ddr_byte_lane_A/A_rst_primitives_reg |             3.1 |
| u_memc_ui_top_axi/mem_intfc0/ddr_phy_top0/u_ddr_mc_phy_wrapper/u_ddr_mc_phy/ddr_phy_4lanes_0.u_ddr_phy_4lanes/ddr_byte_lane_C.ddr_byte_lane_C/iserdes_clk_1 | design_1_i/mig_7series_0/u_design_1_mig_7series_0_5_mig/u_memc_ui_top_axi/mem_intfc0/ddr_phy_top0/u_ddr_mc_phy_wrapper/u_ddr_mc_phy/ddr_phy_4lanes_0.u_ddr_phy_4lanes/ddr_byte_lane_C.ddr_byte_lane_C/A_rst_primitives_reg |             3.1 |
+-------------------------------------------------------------------------------------------------------------------------------------------------------------+----------------------------------------------------------------------------------------------------------------------------------------------------------------------------------------------------------------------------+-----------------+


3. Detailed Reports
-------------------

3.1 By Hierarchy
----------------

+--------------------------------------+-----------+
| Name                                 | Power (W) |
+--------------------------------------+-----------+
| design_1_wrapper                     |     1.065 |
|   design_1_i                         |     1.065 |
|     clk_wiz_0                        |     0.106 |
|       inst                           |     0.106 |
|     microblaze_0                     |     0.052 |
|       U0                             |     0.052 |
|     microblaze_0_axi_intc            |     0.001 |
|       U0                             |     0.001 |
|     microblaze_0_axi_periph          |     0.026 |
|       m00_couplers                   |     0.006 |
|       m01_couplers                   |     0.004 |
|       m02_couplers                   |     0.006 |
|       s00_couplers                   |     0.002 |
|       s01_couplers                   |     0.002 |
|       s02_couplers                   |     0.002 |
|       xbar                           |     0.004 |
|     microblaze_0_local_memory        |     0.005 |
|       lmb_bram                       |     0.004 |
|     mig_7series_0                    |     0.873 |
|       u_design_1_mig_7series_0_5_mig |     0.871 |
+--------------------------------------+-----------+


