18:18:43 INFO  : Launching XSCT server: xsct.bat -n  -interactive C:\Users\alise\Desktop\VIVADO\PROJECTS\MEMORY_WORK\PS\temp_xsdb_launch_script.tcl
18:18:43 INFO  : Registering command handlers for Vitis TCF services
18:18:45 INFO  : XSCT server has started successfully.
18:18:45 INFO  : plnx-install-location is set to ''
18:18:46 INFO  : Successfully done setting XSCT server connection channel  
18:18:46 INFO  : Successfully done query RDI_DATADIR 
18:18:46 INFO  : Successfully done setting workspace for the tool. 
18:18:46 INFO  : Platform repository initialization has completed.
18:19:10 INFO  : Result from executing command 'getProjects': design_1_wrapper
18:19:10 INFO  : Result from executing command 'getPlatforms': 
18:19:10 INFO  : Platform 'design_1_wrapper' is added to custom repositories.
18:19:12 INFO  : Platform 'design_1_wrapper' is added to custom repositories.
18:20:03 INFO  : Result from executing command 'getProjects': design_1_wrapper
18:20:03 INFO  : Result from executing command 'getPlatforms': design_1_wrapper|C:/Users/alise/Desktop/VIVADO/PROJECTS/MEMORY_WORK/PS/design_1_wrapper/export/design_1_wrapper/design_1_wrapper.xpfm
18:20:03 INFO  : Checking for BSP changes to sync application flags for project 'memory_boot'...
18:20:30 INFO  : Connected to target on host '127.0.0.1' and port '3121'.
18:20:31 INFO  : Jtag cable 'Digilent Nexys4DDR 210292A6EFB1A' is selected.
18:20:31 INFO  : 'jtag frequency' command is executed.
18:20:31 INFO  : 'targets -set -filter {jtag_cable_name =~ "Digilent Nexys4DDR 210292A6EFB1A" && level==0 && jtag_device_ctx=="jsn-Nexys4DDR-210292A6EFB1A-13631093-0"}' command is executed.
18:20:33 INFO  : FPGA configured successfully with bitstream "C:/Users/alise/Desktop/VIVADO/PROJECTS/MEMORY_WORK/PS/memory_boot/_ide/bitstream/design_1_wrapper.bit"
18:20:33 INFO  : Context for processor 'microblaze_0' is selected.
18:20:33 INFO  : Hardware design and registers information is loaded from 'C:/Users/alise/Desktop/VIVADO/PROJECTS/MEMORY_WORK/PS/design_1_wrapper/export/design_1_wrapper/hw/design_1_wrapper.xsa'.
18:20:33 INFO  : 'configparams mdm-detect-bscan-mask 2' command is executed.
18:20:33 INFO  : Context for processor 'microblaze_0' is selected.
18:20:33 INFO  : System reset is completed.
18:20:36 INFO  : 'after 3000' command is executed.
18:20:36 INFO  : Context for processor 'microblaze_0' is selected.
18:20:36 INFO  : The application 'C:/Users/alise/Desktop/VIVADO/PROJECTS/MEMORY_WORK/PS/memory_boot/Debug/memory_boot.elf' is downloaded to processor 'microblaze_0'.
18:20:36 INFO  : ----------------XSDB Script----------------
connect -url tcp:127.0.0.1:3121
targets -set -filter {jtag_cable_name =~ "Digilent Nexys4DDR 210292A6EFB1A" && level==0 && jtag_device_ctx=="jsn-Nexys4DDR-210292A6EFB1A-13631093-0"}
fpga -file C:/Users/alise/Desktop/VIVADO/PROJECTS/MEMORY_WORK/PS/memory_boot/_ide/bitstream/design_1_wrapper.bit
targets -set -nocase -filter {name =~ "*microblaze*#0" && bscan=="USER2" }
loadhw -hw C:/Users/alise/Desktop/VIVADO/PROJECTS/MEMORY_WORK/PS/design_1_wrapper/export/design_1_wrapper/hw/design_1_wrapper.xsa -regs
configparams mdm-detect-bscan-mask 2
targets -set -nocase -filter {name =~ "*microblaze*#0" && bscan=="USER2" }
rst -system
after 3000
targets -set -nocase -filter {name =~ "*microblaze*#0" && bscan=="USER2" }
dow C:/Users/alise/Desktop/VIVADO/PROJECTS/MEMORY_WORK/PS/memory_boot/Debug/memory_boot.elf
----------------End of Script----------------

18:20:36 INFO  : Context for processor 'microblaze_0' is selected.
18:20:37 INFO  : 'con' command is executed.
18:20:37 INFO  : ----------------XSDB Script (After Launch)----------------
targets -set -nocase -filter {name =~ "*microblaze*#0" && bscan=="USER2" }
con
----------------End of Script----------------

18:20:37 INFO  : Launch script is exported to file 'C:\Users\alise\Desktop\VIVADO\PROJECTS\MEMORY_WORK\PS\.sdk\launch_scripts\single_application_debug\debugger_memory_boot-default.tcl'
18:21:27 INFO  : Checking for BSP changes to sync application flags for project 'memory_boot'...
18:21:32 INFO  : Disconnected from the channel tcfchan#2.
18:21:33 INFO  : Connected to target on host '127.0.0.1' and port '3121'.
18:21:33 INFO  : Jtag cable 'Digilent Nexys4DDR 210292A6EFB1A' is selected.
18:21:33 INFO  : 'jtag frequency' command is executed.
18:21:33 INFO  : 'targets -set -filter {jtag_cable_name =~ "Digilent Nexys4DDR 210292A6EFB1A" && level==0 && jtag_device_ctx=="jsn-Nexys4DDR-210292A6EFB1A-13631093-0"}' command is executed.
18:21:35 INFO  : FPGA configured successfully with bitstream "C:/Users/alise/Desktop/VIVADO/PROJECTS/MEMORY_WORK/PS/memory_boot/_ide/bitstream/design_1_wrapper.bit"
18:21:35 INFO  : Context for processor 'microblaze_0' is selected.
18:21:35 INFO  : Hardware design and registers information is loaded from 'C:/Users/alise/Desktop/VIVADO/PROJECTS/MEMORY_WORK/PS/design_1_wrapper/export/design_1_wrapper/hw/design_1_wrapper.xsa'.
18:21:35 INFO  : 'configparams mdm-detect-bscan-mask 2' command is executed.
18:21:35 INFO  : Context for processor 'microblaze_0' is selected.
18:21:35 INFO  : System reset is completed.
18:21:38 INFO  : 'after 3000' command is executed.
18:21:38 INFO  : Context for processor 'microblaze_0' is selected.
18:21:38 INFO  : The application 'C:/Users/alise/Desktop/VIVADO/PROJECTS/MEMORY_WORK/PS/memory_boot/Debug/memory_boot.elf' is downloaded to processor 'microblaze_0'.
18:21:38 INFO  : ----------------XSDB Script----------------
connect -url tcp:127.0.0.1:3121
targets -set -filter {jtag_cable_name =~ "Digilent Nexys4DDR 210292A6EFB1A" && level==0 && jtag_device_ctx=="jsn-Nexys4DDR-210292A6EFB1A-13631093-0"}
fpga -file C:/Users/alise/Desktop/VIVADO/PROJECTS/MEMORY_WORK/PS/memory_boot/_ide/bitstream/design_1_wrapper.bit
targets -set -nocase -filter {name =~ "*microblaze*#0" && bscan=="USER2" }
loadhw -hw C:/Users/alise/Desktop/VIVADO/PROJECTS/MEMORY_WORK/PS/design_1_wrapper/export/design_1_wrapper/hw/design_1_wrapper.xsa -regs
configparams mdm-detect-bscan-mask 2
targets -set -nocase -filter {name =~ "*microblaze*#0" && bscan=="USER2" }
rst -system
after 3000
targets -set -nocase -filter {name =~ "*microblaze*#0" && bscan=="USER2" }
dow C:/Users/alise/Desktop/VIVADO/PROJECTS/MEMORY_WORK/PS/memory_boot/Debug/memory_boot.elf
----------------End of Script----------------

18:21:39 INFO  : Context for processor 'microblaze_0' is selected.
18:21:39 INFO  : 'con' command is executed.
18:21:39 INFO  : ----------------XSDB Script (After Launch)----------------
targets -set -nocase -filter {name =~ "*microblaze*#0" && bscan=="USER2" }
con
----------------End of Script----------------

18:21:39 INFO  : Launch script is exported to file 'C:\Users\alise\Desktop\VIVADO\PROJECTS\MEMORY_WORK\PS\.sdk\launch_scripts\single_application_debug\debugger_memory_boot-default.tcl'
18:24:03 ERROR : Failed to openhw "C:/Users/alise/Desktop/VIVADO/PROJECTS/MEMORY_WORK/PS/design_1_wrapper/export/design_1_wrapper/hw/design_1_wrapper.xsa"
Reason: ERROR: [Common 17-39] 'hsi::open_hw_design' failed due to earlier errors.

18:24:07 ERROR : Failed to openhw "C:/Users/alise/Desktop/VIVADO/PROJECTS/MEMORY_WORK/PS/design_1_wrapper/export/design_1_wrapper/hw/design_1_wrapper.xsa"
Reason: ERROR: [Common 17-39] 'hsi::open_hw_design' failed due to earlier errors.

18:24:09 ERROR : Failed to call write_mss 
Reason: ERROR: [Common 17-39] 'hsi::open_hw_design' failed due to earlier errors.

18:24:14 ERROR : Failed to openhw "C:/Users/alise/Desktop/VIVADO/PROJECTS/MEMORY_WORK/PS/design_1_wrapper/export/design_1_wrapper/hw/design_1_wrapper.xsa"
Reason: ERROR: [Common 17-39] 'hsi::open_hw_design' failed due to earlier errors.

18:24:15 ERROR : Failed to call write_mss 
Reason: ERROR: [Common 17-39] 'hsi::open_hw_design' failed due to earlier errors.

18:24:21 ERROR : Failed to openhw "C:/Users/alise/Desktop/VIVADO/PROJECTS/MEMORY_WORK/PS/design_1_wrapper/export/design_1_wrapper/hw/design_1_wrapper.xsa"
Reason: ERROR: [Common 17-39] 'hsi::open_hw_design' failed due to earlier errors.

18:24:25 ERROR : Failed to openhw "C:/Users/alise/Desktop/VIVADO/PROJECTS/MEMORY_WORK/PS/design_1_wrapper/export/design_1_wrapper/hw/design_1_wrapper.xsa"
Reason: ERROR: [Common 17-39] 'hsi::open_hw_design' failed due to earlier errors.

18:24:26 ERROR : Failed to call write_mss 
Reason: ERROR: [Common 17-39] 'hsi::open_hw_design' failed due to earlier errors.

18:24:31 ERROR : Failed to openhw "C:/Users/alise/Desktop/VIVADO/PROJECTS/MEMORY_WORK/PS/design_1_wrapper/export/design_1_wrapper/hw/design_1_wrapper.xsa"
Reason: ERROR: [Common 17-39] 'hsi::open_hw_design' failed due to earlier errors.

18:24:33 ERROR : Failed to call write_mss 
Reason: ERROR: [Common 17-39] 'hsi::open_hw_design' failed due to earlier errors.

18:24:40 ERROR : Failed to openhw "C:/Users/alise/Desktop/VIVADO/PROJECTS/MEMORY_WORK/PS/design_1_wrapper/export/design_1_wrapper/hw/design_1_wrapper.xsa"
Reason: ERROR: [Common 17-39] 'hsi::open_hw_design' failed due to earlier errors.

18:24:42 ERROR : Failed to openhw "C:/Users/alise/Desktop/VIVADO/PROJECTS/MEMORY_WORK/PS/design_1_wrapper/export/design_1_wrapper/hw/design_1_wrapper.xsa"
Reason: ERROR: [Common 17-39] 'hsi::open_hw_design' failed due to earlier errors.

18:24:43 ERROR : Failed to call write_mss 
Reason: ERROR: [Common 17-39] 'hsi::open_hw_design' failed due to earlier errors.

18:24:58 ERROR : Failed to openhw "C:/Users/alise/Desktop/VIVADO/PROJECTS/MEMORY_WORK/PS/design_1_wrapper/export/design_1_wrapper/hw/design_1_wrapper.xsa"
Reason: ERROR: [Common 17-39] 'hsi::open_hw_design' failed due to earlier errors.

18:25:01 ERROR : Failed to call write_mss 
Reason: ERROR: [Common 17-39] 'hsi::open_hw_design' failed due to earlier errors.

18:25:09 INFO  : Result from executing command 'getProjects': design_1_wrapper
18:25:09 INFO  : Result from executing command 'getPlatforms': design_1_wrapper|C:/Users/alise/Desktop/VIVADO/PROJECTS/MEMORY_WORK/PS/design_1_wrapper/export/design_1_wrapper/design_1_wrapper.xpfm
18:25:09 INFO  : Checking for BSP changes to sync application flags for project 'memory_boot'...
18:25:33 INFO  : Successfully generated C:\Users\alise\Desktop\VIVADO\PROJECTS\MEMORY_WORK\PS\memory_boot\src\lscript.ld.
18:25:33 INFO  : Applying linker script to all configurations of project memory_boot.
18:25:33 INFO  : Setting rebuild state to true for all configurations of project memory_boot.
18:26:18 INFO  : Successfully generated C:\Users\alise\Desktop\VIVADO\PROJECTS\MEMORY_WORK\PS\memory_boot\src\lscript.ld.
18:26:18 INFO  : Applying linker script to all configurations of project memory_boot.
18:26:18 INFO  : Setting rebuild state to true for all configurations of project memory_boot.
18:26:32 INFO  : Checking for BSP changes to sync application flags for project 'memory_boot'...
18:26:36 INFO  : Disconnected from the channel tcfchan#3.
18:26:38 INFO  : Connected to target on host '127.0.0.1' and port '3121'.
18:26:38 INFO  : Jtag cable 'Digilent Nexys4DDR 210292A6EFB1A' is selected.
18:26:38 INFO  : 'jtag frequency' command is executed.
18:26:38 INFO  : 'targets -set -filter {jtag_cable_name =~ "Digilent Nexys4DDR 210292A6EFB1A" && level==0 && jtag_device_ctx=="jsn-Nexys4DDR-210292A6EFB1A-13631093-0"}' command is executed.
18:26:40 INFO  : FPGA configured successfully with bitstream "C:/Users/alise/Desktop/VIVADO/PROJECTS/MEMORY_WORK/PS/memory_boot/_ide/bitstream/design_1_wrapper.bit"
18:26:40 INFO  : Context for processor 'microblaze_0' is selected.
18:26:40 INFO  : Hardware design and registers information is loaded from 'C:/Users/alise/Desktop/VIVADO/PROJECTS/MEMORY_WORK/PS/design_1_wrapper/export/design_1_wrapper/hw/design_1_wrapper.xsa'.
18:26:40 INFO  : 'configparams mdm-detect-bscan-mask 2' command is executed.
18:26:40 INFO  : Context for processor 'microblaze_0' is selected.
18:26:40 INFO  : System reset is completed.
18:26:43 INFO  : 'after 3000' command is executed.
18:26:43 INFO  : Context for processor 'microblaze_0' is selected.
18:26:43 INFO  : The application 'C:/Users/alise/Desktop/VIVADO/PROJECTS/MEMORY_WORK/PS/memory_boot/Debug/memory_boot.elf' is downloaded to processor 'microblaze_0'.
18:26:43 INFO  : ----------------XSDB Script----------------
connect -url tcp:127.0.0.1:3121
targets -set -filter {jtag_cable_name =~ "Digilent Nexys4DDR 210292A6EFB1A" && level==0 && jtag_device_ctx=="jsn-Nexys4DDR-210292A6EFB1A-13631093-0"}
fpga -file C:/Users/alise/Desktop/VIVADO/PROJECTS/MEMORY_WORK/PS/memory_boot/_ide/bitstream/design_1_wrapper.bit
targets -set -nocase -filter {name =~ "*microblaze*#0" && bscan=="USER2" }
loadhw -hw C:/Users/alise/Desktop/VIVADO/PROJECTS/MEMORY_WORK/PS/design_1_wrapper/export/design_1_wrapper/hw/design_1_wrapper.xsa -regs
configparams mdm-detect-bscan-mask 2
targets -set -nocase -filter {name =~ "*microblaze*#0" && bscan=="USER2" }
rst -system
after 3000
targets -set -nocase -filter {name =~ "*microblaze*#0" && bscan=="USER2" }
dow C:/Users/alise/Desktop/VIVADO/PROJECTS/MEMORY_WORK/PS/memory_boot/Debug/memory_boot.elf
----------------End of Script----------------

18:26:43 INFO  : Context for processor 'microblaze_0' is selected.
18:26:43 INFO  : 'con' command is executed.
18:26:43 INFO  : ----------------XSDB Script (After Launch)----------------
targets -set -nocase -filter {name =~ "*microblaze*#0" && bscan=="USER2" }
con
----------------End of Script----------------

18:26:43 INFO  : Launch script is exported to file 'C:\Users\alise\Desktop\VIVADO\PROJECTS\MEMORY_WORK\PS\.sdk\launch_scripts\single_application_debug\debugger_memory_boot-default.tcl'
18:27:00 INFO  : Disconnected from the channel tcfchan#7.
